<?xml version="1.0" encoding="UTF-8"?>
<testsuites name="SearchField" time="9.827" tests="1" failures="0" errors="0">
   <testsuite name="SearchField" tests="1" failures="0" errors="0" time="9.827" skipped="0" timestamp="19-05-2024T14:08:33" hostname="XS986NH - XWB0RGVQ3.ey.net" id="Test Suites/SearchField">
      <properties>
         <property name="deviceName" value=""/>
         <property name="devicePlatform" value=""/>
         <property name="logFolder" value="C:\\Users\\XS986NH\\git\\KatlonRepository\\Reports\\20240519_140830\\SearchField\\20240519_140830"/>
         <property name="logFiles" value="C:\\Users\\XS986NH\\git\\KatlonRepository\\Reports\\20240519_140830\\SearchField\\20240519_140830\\execution0.log"/>
         <property name="attachments" value=""/>
         <property name="hostName" value="XS986NH - XWB0RGVQ3.ey.net"/>
         <property name="os" value="Windows 10 64bit"/>
         <property name="katalonVersion" value="9.4.0.212"/>
         <property name="browser" value="Edge Chromium 124"/>
         <property name="hostAddress" value="192.168.0.105"/>
         <property name="sessionId" value="dee40257c4aaa2305eca0c04b127931f"/>
         <property name="seleniumVersion" value="3.141.59"/>
         <property name="proxyInformation" value="ProxyInformation { proxyOption=NO_PROXY, proxyServerType=HTTP, username=, password=********, proxyServerAddress=, proxyServerPort=0, executionList=&quot;&quot;, isApplyToDesiredCapabilities=true }"/>
         <property name="platform" value="Windows 10"/>
      </properties>
      <testcase name="Test Cases/SearchField" time="9.687" classname="Test Cases/SearchField" status="PASSED">
         <system-out><![CDATA[19-05-2024T14:08:34 - [TEST_CASE][PASSED] - Test Cases/SearchField: Test Cases/SearchField

19-05-2024T14:08:34 - [TEST_STEP][PASSED] - openBrowser(""): Browser is opened with url: ''

19-05-2024T14:08:34 - [MESSAGE][INFO] - Starting 'Edge Chromium' driver

19-05-2024T14:08:37 - [MESSAGE][INFO] - Action delay is set to 0 milliseconds

19-05-2024T14:08:38 - [MESSAGE][PASSED] - Browser is opened with url: ''

19-05-2024T14:08:38 - [TEST_STEP][PASSED] - navigateToUrl("https://petstore.octoperf.com/"): Navigate to 'https://petstore.octoperf.com/' successfully

19-05-2024T14:08:39 - [MESSAGE][PASSED] - Navigate to 'https://petstore.octoperf.com/' successfully

19-05-2024T14:08:39 - [TEST_STEP][PASSED] - click(findTestObject("Object Repository/searchField/Page_JPetStore Demo/a_Enter the Store")): Object: 'Object Repository/searchField/Page_JPetStore Demo/a_Enter the Store' is clicked on

19-05-2024T14:08:40 - [MESSAGE][PASSED] - Object: 'Object Repository/searchField/Page_JPetStore Demo/a_Enter the Store' is clicked on

19-05-2024T14:08:40 - [TEST_STEP][PASSED] - click(findTestObject("Object Repository/searchField/Page_JPetStore Demo/img")): Object: 'Object Repository/searchField/Page_JPetStore Demo/img' is clicked on

19-05-2024T14:08:41 - [MESSAGE][PASSED] - Object: 'Object Repository/searchField/Page_JPetStore Demo/img' is clicked on

19-05-2024T14:08:41 - [TEST_STEP][PASSED] - click(findTestObject("Object Repository/searchField/Page_JPetStore Demo/a_Return to Main Menu")): Object: 'Object Repository/searchField/Page_JPetStore Demo/a_Return to Main Menu' is clicked on

19-05-2024T14:08:42 - [MESSAGE][PASSED] - Object: 'Object Repository/searchField/Page_JPetStore Demo/a_Return to Main Menu' is clicked on

19-05-2024T14:08:42 - [TEST_STEP][PASSED] - click(findTestObject("Object Repository/searchField/Page_JPetStore Demo/img_1")): Object: 'Object Repository/searchField/Page_JPetStore Demo/img_1' is clicked on

19-05-2024T14:08:42 - [MESSAGE][PASSED] - Object: 'Object Repository/searchField/Page_JPetStore Demo/img_1' is clicked on

19-05-2024T14:08:42 - [TEST_STEP][PASSED] - click(findTestObject("Object Repository/searchField/Page_JPetStore Demo/a_Return to Main Menu")): Object: 'Object Repository/searchField/Page_JPetStore Demo/a_Return to Main Menu' is clicked on

19-05-2024T14:08:43 - [MESSAGE][PASSED] - Object: 'Object Repository/searchField/Page_JPetStore Demo/a_Return to Main Menu' is clicked on

19-05-2024T14:08:43 - [TEST_STEP][PASSED] - closeBrowser(): Browser is closed

19-05-2024T14:08:43 - [MESSAGE][PASSED] - Browser is closed]]></system-out>
         <system-err><![CDATA[]]></system-err>
      </testcase>
      <system-out><![CDATA[19-05-2024T14:08:33 - [TEST_SUITE][PASSED] - SearchField: Test Cases/SearchField]]></system-out>
      <system-err><![CDATA[]]></system-err>
   </testsuite>
</testsuites>
