<?xml version="1.0" encoding="UTF-8"?>
<testsuites name="login" time="9.056" tests="1" failures="0" errors="0">
   <testsuite name="login" tests="1" failures="0" errors="0" time="9.056" skipped="0" timestamp="26-05-2024T11:28:07" hostname="XS986NH - XWB0RGVQ3.ey.net" id="Test Suites/login">
      <properties>
         <property name="deviceName" value=""/>
         <property name="devicePlatform" value=""/>
         <property name="logFolder" value="C:\\Users\\XS986NH\\git\\KatlonRepository\\Reports\\20240526_112748\\login\\20240526_112749"/>
         <property name="logFiles" value="C:\\Users\\XS986NH\\git\\KatlonRepository\\Reports\\20240526_112748\\login\\20240526_112749\\execution0.log"/>
         <property name="attachments" value=""/>
         <property name="hostName" value="XS986NH - XWB0RGVQ3.ey.net"/>
         <property name="os" value="Windows 10 64bit"/>
         <property name="katalonVersion" value="9.4.0.212"/>
         <property name="browser" value="Edge Chromium 125"/>
         <property name="hostAddress" value="192.168.0.103"/>
         <property name="sessionId" value="6e5ee6f709fe2d16591001f74d4bd6d7"/>
         <property name="seleniumVersion" value="3.141.59"/>
         <property name="proxyInformation" value="ProxyInformation { proxyOption=NO_PROXY, proxyServerType=HTTP, username=, password=********, proxyServerAddress=, proxyServerPort=0, executionList=&quot;&quot;, isApplyToDesiredCapabilities=true }"/>
         <property name="platform" value="Windows 10"/>
      </properties>
      <testcase name="Test Cases/login" time="8.826" classname="Test Cases/login" status="PASSED">
         <system-out><![CDATA[26-05-2024T11:28:07 - [TEST_CASE][PASSED] - Test Cases/login: Test Cases/login

26-05-2024T11:28:07 - [TEST_STEP][PASSED] - openBrowser(""): Browser is opened with url: ''

26-05-2024T11:28:07 - [MESSAGE][INFO] - Starting 'Edge Chromium' driver

26-05-2024T11:28:08 - [MESSAGE][INFO] - Action delay is set to 0 milliseconds

26-05-2024T11:28:10 - [MESSAGE][PASSED] - Browser is opened with url: ''

26-05-2024T11:28:10 - [TEST_STEP][PASSED] - navigateToUrl("https://www.saucedemo.com/v1/"): Navigate to 'https://www.saucedemo.com/v1/' successfully

26-05-2024T11:28:11 - [MESSAGE][PASSED] - Navigate to 'https://www.saucedemo.com/v1/' successfully

26-05-2024T11:28:11 - [TEST_STEP][PASSED] - setText(findTestObject("Object Repository/login/Page_Swag Labs/input_standard_userlocked_out_userproblem_u_db77ac"), "standard_user"): Text 'standard_user' is set on object 'Object Repository/login/Page_Swag Labs/input_standard_userlocked_out_userproblem_u_db77ac'

26-05-2024T11:28:12 - [MESSAGE][PASSED] - Text 'standard_user' is set on object 'Object Repository/login/Page_Swag Labs/input_standard_userlocked_out_userproblem_u_db77ac'

26-05-2024T11:28:12 - [TEST_STEP][PASSED] - setEncryptedText(findTestObject("Object Repository/login/Page_Swag Labs/input_standard_userlocked_out_userproblem_u_3423e9"), "qcu24s4901FyWDTwXGr6XA=="): Text ****** has been set on object 'Object Repository/login/Page_Swag Labs/input_standard_userlocked_out_userproblem_u_3423e9'

26-05-2024T11:28:13 - [MESSAGE][PASSED] - Text ****** has been set on object 'Object Repository/login/Page_Swag Labs/input_standard_userlocked_out_userproblem_u_3423e9'

26-05-2024T11:28:13 - [TEST_STEP][PASSED] - click(findTestObject("Object Repository/login/Page_Swag Labs/input_standard_userlocked_out_userproblem_u_0dff71")): Object: 'Object Repository/login/Page_Swag Labs/input_standard_userlocked_out_userproblem_u_0dff71' is clicked on

26-05-2024T11:28:14 - [MESSAGE][PASSED] - Object: 'Object Repository/login/Page_Swag Labs/input_standard_userlocked_out_userproblem_u_0dff71' is clicked on

26-05-2024T11:28:14 - [TEST_STEP][PASSED] - click(findTestObject("Object Repository/login/Page_Swag Labs/div_Open Menu_header_label")): Object: 'Object Repository/login/Page_Swag Labs/div_Open Menu_header_label' is clicked on

26-05-2024T11:28:14 - [MESSAGE][PASSED] - Object: 'Object Repository/login/Page_Swag Labs/div_Open Menu_header_label' is clicked on

26-05-2024T11:28:14 - [TEST_STEP][PASSED] - click(findTestObject("Object Repository/login/Page_Swag Labs/button_Open Menu")): Object: 'Object Repository/login/Page_Swag Labs/button_Open Menu' is clicked on

26-05-2024T11:28:15 - [MESSAGE][PASSED] - Object: 'Object Repository/login/Page_Swag Labs/button_Open Menu' is clicked on

26-05-2024T11:28:15 - [TEST_STEP][PASSED] - click(findTestObject("Object Repository/login/Page_Swag Labs/a_Logout")): Object: 'Object Repository/login/Page_Swag Labs/a_Logout' is clicked on

26-05-2024T11:28:15 - [MESSAGE][PASSED] - Object: 'Object Repository/login/Page_Swag Labs/a_Logout' is clicked on

26-05-2024T11:28:15 - [TEST_STEP][PASSED] - closeBrowser(): Browser is closed

26-05-2024T11:28:16 - [MESSAGE][PASSED] - Browser is closed]]></system-out>
         <system-err><![CDATA[]]></system-err>
      </testcase>
      <system-out><![CDATA[26-05-2024T11:28:07 - [TEST_SUITE][PASSED] - login: Test Cases/login]]></system-out>
      <system-err><![CDATA[]]></system-err>
   </testsuite>
</testsuites>
