<?xml version="1.0" encoding="UTF-8"?>
<testsuites name="test5" time="22.645" tests="1" failures="0" errors="0">
   <testsuite name="test5" tests="1" failures="0" errors="0" time="22.645" skipped="0" timestamp="19-05-2024T14:47:26" hostname="XS986NH - XWB0RGVQ3.ey.net" id="Test Suites/test5">
      <properties>
         <property name="deviceName" value=""/>
         <property name="devicePlatform" value=""/>
         <property name="logFolder" value="C:\\Users\\XS986NH\\git\\KatlonRepository\\Reports\\20240519_144701\\test5\\20240519_144704"/>
         <property name="logFiles" value="C:\\Users\\XS986NH\\git\\KatlonRepository\\Reports\\20240519_144701\\test5\\20240519_144704\\execution0.log"/>
         <property name="attachments" value=""/>
         <property name="hostName" value="XS986NH - XWB0RGVQ3.ey.net"/>
         <property name="os" value="Windows 10 64bit"/>
         <property name="katalonVersion" value="9.4.0.212"/>
         <property name="browser" value="Edge Chromium 124"/>
         <property name="hostAddress" value="192.168.0.105"/>
         <property name="sessionId" value="2095d94e54e0b8876d4114836beca7e0"/>
         <property name="seleniumVersion" value="3.141.59"/>
         <property name="proxyInformation" value="ProxyInformation { proxyOption=NO_PROXY, proxyServerType=HTTP, username=, password=********, proxyServerAddress=, proxyServerPort=0, executionList=&quot;&quot;, isApplyToDesiredCapabilities=true }"/>
         <property name="platform" value="Windows 10"/>
      </properties>
      <testcase name="Test Cases/test5" time="22.461" classname="Test Cases/test5" status="PASSED">
         <system-out><![CDATA[19-05-2024T14:47:26 - [TEST_CASE][PASSED] - Test Cases/test5: Test Cases/test5

19-05-2024T14:47:26 - [TEST_STEP][PASSED] - openBrowser(""): Browser is opened with url: ''

19-05-2024T14:47:26 - [MESSAGE][INFO] - Starting 'Edge Chromium' driver

19-05-2024T14:47:29 - [MESSAGE][INFO] - Action delay is set to 0 milliseconds

19-05-2024T14:47:30 - [MESSAGE][PASSED] - Browser is opened with url: ''

19-05-2024T14:47:30 - [TEST_STEP][PASSED] - navigateToUrl("https://www.saucedemo.com/v1/"): Navigate to 'https://www.saucedemo.com/v1/' successfully

19-05-2024T14:47:31 - [MESSAGE][PASSED] - Navigate to 'https://www.saucedemo.com/v1/' successfully

19-05-2024T14:47:31 - [TEST_STEP][PASSED] - maximizeWindow(): Current window maximized

19-05-2024T14:47:31 - [MESSAGE][PASSED] - Current window maximized

19-05-2024T14:47:31 - [TEST_STEP][PASSED] - setText(findTestObject("Object Repository/test5/Page_Swag Labs/input_standard_userlocked_out_userproblem_u_db77ac"), "standard_user"): Text 'standard_user' is set on object 'Object Repository/test5/Page_Swag Labs/input_standard_userlocked_out_userproblem_u_db77ac'

19-05-2024T14:47:32 - [MESSAGE][PASSED] - Text 'standard_user' is set on object 'Object Repository/test5/Page_Swag Labs/input_standard_userlocked_out_userproblem_u_db77ac'

19-05-2024T14:47:32 - [TEST_STEP][PASSED] - setEncryptedText(findTestObject("Object Repository/test5/Page_Swag Labs/input_standard_userlocked_out_userproblem_u_3423e9"), "qcu24s4901FyWDTwXGr6XA=="): Text ****** has been set on object 'Object Repository/test5/Page_Swag Labs/input_standard_userlocked_out_userproblem_u_3423e9'

19-05-2024T14:47:33 - [MESSAGE][PASSED] - Text ****** has been set on object 'Object Repository/test5/Page_Swag Labs/input_standard_userlocked_out_userproblem_u_3423e9'

19-05-2024T14:47:33 - [TEST_STEP][PASSED] - click(findTestObject("Object Repository/test5/Page_Swag Labs/input_standard_userlocked_out_userproblem_u_0dff71")): Object: 'Object Repository/test5/Page_Swag Labs/input_standard_userlocked_out_userproblem_u_0dff71' is clicked on

19-05-2024T14:47:34 - [MESSAGE][PASSED] - Object: 'Object Repository/test5/Page_Swag Labs/input_standard_userlocked_out_userproblem_u_0dff71' is clicked on

19-05-2024T14:47:34 - [TEST_STEP][PASSED] - click(findTestObject("Object Repository/test5/Page_Swag Labs/path")): Object: 'Object Repository/test5/Page_Swag Labs/path' is clicked on

19-05-2024T14:47:34 - [MESSAGE][WARNING] - [SELF-HEALING] Failed to find element with id 'Object Repository/test5/Page_Swag Labs/path'. Try using Self-healing.

19-05-2024T14:47:37 - [MESSAGE][INFO] - [SELF-HEALING] No working XPath is found.

19-05-2024T14:47:37 - [MESSAGE][INFO] - [SELF-HEALING] Screenshot: C:/Users/XS986NH/git/KatlonRepository/Reports/Self-healing/Object Repository/test5/Page_Swag Labs/path_SMART_LOCATOR.png

19-05-2024T14:47:37 - [MESSAGE][WARNING] - [SELF-HEALING] The current locator of test object 'Object Repository/test5/Page_Swag Labs/path' was broken. Propose an alternative one: '#shopping_cart_container >> internal:role=link'.

19-05-2024T14:47:37 - [MESSAGE][PASSED] - Object: 'Object Repository/test5/Page_Swag Labs/path' is clicked on

19-05-2024T14:47:37 - [TEST_STEP][PASSED] - click(findTestObject("Object Repository/test5/Page_Swag Labs/a_Continue Shopping")): Object: 'Object Repository/test5/Page_Swag Labs/a_Continue Shopping' is clicked on

19-05-2024T14:47:38 - [MESSAGE][PASSED] - Object: 'Object Repository/test5/Page_Swag Labs/a_Continue Shopping' is clicked on

19-05-2024T14:47:38 - [TEST_STEP][PASSED] - delay(3): Delayed 3 second(s)

19-05-2024T14:47:41 - [MESSAGE][PASSED] - Delayed 3 second(s)

19-05-2024T14:47:41 - [TEST_STEP][PASSED] - click(findTestObject("Object Repository/test5/Page_Swag Labs/button_ADD TO CART")): Object: 'Object Repository/test5/Page_Swag Labs/button_ADD TO CART' is clicked on

19-05-2024T14:47:41 - [MESSAGE][PASSED] - Object: 'Object Repository/test5/Page_Swag Labs/button_ADD TO CART' is clicked on

19-05-2024T14:47:41 - [TEST_STEP][PASSED] - delay(3): Delayed 3 second(s)

19-05-2024T14:47:44 - [MESSAGE][PASSED] - Delayed 3 second(s)

19-05-2024T14:47:44 - [TEST_STEP][PASSED] - click(findTestObject("Object Repository/test5/Page_Swag Labs/button_ADD TO CART")): Object: 'Object Repository/test5/Page_Swag Labs/button_ADD TO CART' is clicked on

19-05-2024T14:47:45 - [MESSAGE][PASSED] - Object: 'Object Repository/test5/Page_Swag Labs/button_ADD TO CART' is clicked on

19-05-2024T14:47:45 - [TEST_STEP][PASSED] - click(findTestObject("Object Repository/test5/Page_Swag Labs/path")): Object: 'Object Repository/test5/Page_Swag Labs/path' is clicked on

19-05-2024T14:47:45 - [MESSAGE][WARNING] - [SELF-HEALING] Failed to find element with id 'Object Repository/test5/Page_Swag Labs/path'. Try using Self-healing.

19-05-2024T14:47:47 - [MESSAGE][INFO] - [SELF-HEALING] No working XPath is found.

19-05-2024T14:47:47 - [MESSAGE][INFO] - [SELF-HEALING] Screenshot: C:/Users/XS986NH/git/KatlonRepository/Reports/Self-healing/Object Repository/test5/Page_Swag Labs/path_SMART_LOCATOR.png

19-05-2024T14:47:47 - [MESSAGE][WARNING] - [SELF-HEALING] The current locator of test object 'Object Repository/test5/Page_Swag Labs/path' was broken. Propose an alternative one: '#shopping_cart_container >> internal:role=link'.

19-05-2024T14:47:48 - [MESSAGE][PASSED] - Object: 'Object Repository/test5/Page_Swag Labs/path' is clicked on

19-05-2024T14:47:48 - [TEST_STEP][PASSED] - closeBrowser(): Browser is closed

19-05-2024T14:47:48 - [MESSAGE][PASSED] - Browser is closed]]></system-out>
         <system-err><![CDATA[]]></system-err>
      </testcase>
      <system-out><![CDATA[19-05-2024T14:47:26 - [TEST_SUITE][PASSED] - test5: Test Cases/test5]]></system-out>
      <system-err><![CDATA[]]></system-err>
   </testsuite>
</testsuites>
