<?xml version="1.0" encoding="UTF-8"?>
<testsuites name="PetNavigation" time="11.283" tests="1" failures="0" errors="0">
   <testsuite name="PetNavigation" tests="1" failures="0" errors="0" time="11.283" skipped="0" timestamp="19-05-2024T13:54:56" hostname="XS986NH - XWB0RGVQ3.ey.net" id="Test Suites/PetNavigation">
      <properties>
         <property name="deviceName" value=""/>
         <property name="devicePlatform" value=""/>
         <property name="logFolder" value="C:\\Users\\XS986NH\\git\\KatlonRepository\\Reports\\20240519_135451\\PetNavigation\\20240519_135452"/>
         <property name="logFiles" value="C:\\Users\\XS986NH\\git\\KatlonRepository\\Reports\\20240519_135451\\PetNavigation\\20240519_135452\\execution0.log"/>
         <property name="attachments" value=""/>
         <property name="hostName" value="XS986NH - XWB0RGVQ3.ey.net"/>
         <property name="os" value="Windows 10 64bit"/>
         <property name="katalonVersion" value="9.4.0.212"/>
         <property name="browser" value="Edge Chromium 124"/>
         <property name="hostAddress" value="192.168.0.105"/>
         <property name="sessionId" value="69f29945d0d31e90768d02a81dbb3dc0"/>
         <property name="seleniumVersion" value="3.141.59"/>
         <property name="proxyInformation" value="ProxyInformation { proxyOption=NO_PROXY, proxyServerType=HTTP, username=, password=********, proxyServerAddress=, proxyServerPort=0, executionList=&quot;&quot;, isApplyToDesiredCapabilities=true }"/>
         <property name="platform" value="Windows 10"/>
      </properties>
      <testcase name="Test Cases/PetNavigation" time="11.137" classname="Test Cases/PetNavigation" status="PASSED">
         <system-out><![CDATA[19-05-2024T13:54:56 - [TEST_CASE][PASSED] - Test Cases/PetNavigation: Test Cases/PetNavigation

19-05-2024T13:54:56 - [TEST_STEP][PASSED] - openBrowser(""): Browser is opened with url: ''

19-05-2024T13:54:56 - [MESSAGE][INFO] - Starting 'Edge Chromium' driver

19-05-2024T13:54:59 - [MESSAGE][INFO] - Action delay is set to 0 milliseconds

19-05-2024T13:55:01 - [MESSAGE][PASSED] - Browser is opened with url: ''

19-05-2024T13:55:01 - [TEST_STEP][PASSED] - navigateToUrl("https://petstore.octoperf.com/"): Navigate to 'https://petstore.octoperf.com/' successfully

19-05-2024T13:55:02 - [MESSAGE][PASSED] - Navigate to 'https://petstore.octoperf.com/' successfully

19-05-2024T13:55:02 - [TEST_STEP][PASSED] - click(findTestObject("Object Repository/PetNavigation/Page_JPetStore Demo/a_Enter the Store")): Object: 'Object Repository/PetNavigation/Page_JPetStore Demo/a_Enter the Store' is clicked on

19-05-2024T13:55:03 - [MESSAGE][PASSED] - Object: 'Object Repository/PetNavigation/Page_JPetStore Demo/a_Enter the Store' is clicked on

19-05-2024T13:55:03 - [TEST_STEP][PASSED] - setText(findTestObject("Object Repository/PetNavigation/Page_JPetStore Demo/input__keyword"), "fish"): Text 'fish' is set on object 'Object Repository/PetNavigation/Page_JPetStore Demo/input__keyword'

19-05-2024T13:55:04 - [MESSAGE][PASSED] - Text 'fish' is set on object 'Object Repository/PetNavigation/Page_JPetStore Demo/input__keyword'

19-05-2024T13:55:04 - [TEST_STEP][PASSED] - click(findTestObject("Object Repository/PetNavigation/Page_JPetStore Demo/input__searchProducts")): Object: 'Object Repository/PetNavigation/Page_JPetStore Demo/input__searchProducts' is clicked on

19-05-2024T13:55:05 - [MESSAGE][PASSED] - Object: 'Object Repository/PetNavigation/Page_JPetStore Demo/input__searchProducts' is clicked on

19-05-2024T13:55:05 - [TEST_STEP][PASSED] - click(findTestObject("Object Repository/PetNavigation/Page_JPetStore Demo/a_Fresh Water fish from China")): Object: 'Object Repository/PetNavigation/Page_JPetStore Demo/a_Fresh Water fish from China' is clicked on

19-05-2024T13:55:06 - [MESSAGE][PASSED] - Object: 'Object Repository/PetNavigation/Page_JPetStore Demo/a_Fresh Water fish from China' is clicked on

19-05-2024T13:55:06 - [TEST_STEP][PASSED] - click(findTestObject("Object Repository/PetNavigation/Page_JPetStore Demo/a_Add to Cart")): Object: 'Object Repository/PetNavigation/Page_JPetStore Demo/a_Add to Cart' is clicked on

19-05-2024T13:55:06 - [MESSAGE][PASSED] - Object: 'Object Repository/PetNavigation/Page_JPetStore Demo/a_Add to Cart' is clicked on

19-05-2024T13:55:06 - [TEST_STEP][PASSED] - click(findTestObject("Object Repository/PetNavigation/Page_JPetStore Demo/a_Remove")): Object: 'Object Repository/PetNavigation/Page_JPetStore Demo/a_Remove' is clicked on

19-05-2024T13:55:07 - [MESSAGE][PASSED] - Object: 'Object Repository/PetNavigation/Page_JPetStore Demo/a_Remove' is clicked on

19-05-2024T13:55:07 - [TEST_STEP][PASSED] - closeBrowser(): Browser is closed

19-05-2024T13:55:07 - [MESSAGE][PASSED] - Browser is closed]]></system-out>
         <system-err><![CDATA[]]></system-err>
      </testcase>
      <system-out><![CDATA[19-05-2024T13:54:56 - [TEST_SUITE][PASSED] - PetNavigation: Test Cases/PetNavigation]]></system-out>
      <system-err><![CDATA[]]></system-err>
   </testsuite>
</testsuites>
