<?xml version="1.0" encoding="UTF-8"?>
<testsuites name="test4" time="11.927" tests="1" failures="0" errors="0">
   <testsuite name="test4" tests="1" failures="0" errors="0" time="11.927" skipped="0" timestamp="19-05-2024T14:47:09" hostname="XS986NH - XWB0RGVQ3.ey.net" id="Test Suites/test4">
      <properties>
         <property name="deviceName" value=""/>
         <property name="devicePlatform" value=""/>
         <property name="logFolder" value="C:\\Users\\XS986NH\\git\\KatlonRepository\\Reports\\20240519_144701\\test4\\20240519_144702"/>
         <property name="logFiles" value="C:\\Users\\XS986NH\\git\\KatlonRepository\\Reports\\20240519_144701\\test4\\20240519_144702\\execution0.log"/>
         <property name="attachments" value=""/>
         <property name="hostName" value="XS986NH - XWB0RGVQ3.ey.net"/>
         <property name="os" value="Windows 10 64bit"/>
         <property name="katalonVersion" value="9.4.0.212"/>
         <property name="browser" value="Edge Chromium 124"/>
         <property name="hostAddress" value="192.168.0.105"/>
         <property name="sessionId" value="b4b2859b3c55c7b82d749e876b51cc5b"/>
         <property name="seleniumVersion" value="3.141.59"/>
         <property name="proxyInformation" value="ProxyInformation { proxyOption=NO_PROXY, proxyServerType=HTTP, username=, password=********, proxyServerAddress=, proxyServerPort=0, executionList=&quot;&quot;, isApplyToDesiredCapabilities=true }"/>
         <property name="platform" value="Windows 10"/>
      </properties>
      <testcase name="Test Cases/test4" time="11.76" classname="Test Cases/test4" status="PASSED">
         <system-out><![CDATA[19-05-2024T14:47:09 - [TEST_CASE][PASSED] - Test Cases/test4: Test Cases/test4

19-05-2024T14:47:09 - [TEST_STEP][PASSED] - openBrowser(""): Browser is opened with url: ''

19-05-2024T14:47:10 - [MESSAGE][INFO] - Starting 'Edge Chromium' driver

19-05-2024T14:47:12 - [MESSAGE][INFO] - Action delay is set to 0 milliseconds

19-05-2024T14:47:14 - [MESSAGE][PASSED] - Browser is opened with url: ''

19-05-2024T14:47:14 - [TEST_STEP][PASSED] - navigateToUrl("https://www.saucedemo.com/v1/"): Navigate to 'https://www.saucedemo.com/v1/' successfully

19-05-2024T14:47:15 - [MESSAGE][PASSED] - Navigate to 'https://www.saucedemo.com/v1/' successfully

19-05-2024T14:47:15 - [TEST_STEP][PASSED] - maximizeWindow(): Current window maximized

19-05-2024T14:47:15 - [MESSAGE][PASSED] - Current window maximized

19-05-2024T14:47:15 - [TEST_STEP][PASSED] - setText(findTestObject("Object Repository/test4/Page_Swag Labs/input_standard_userlocked_out_userproblem_u_db77ac"), "standard_user"): Text 'standard_user' is set on object 'Object Repository/test4/Page_Swag Labs/input_standard_userlocked_out_userproblem_u_db77ac'

19-05-2024T14:47:16 - [MESSAGE][PASSED] - Text 'standard_user' is set on object 'Object Repository/test4/Page_Swag Labs/input_standard_userlocked_out_userproblem_u_db77ac'

19-05-2024T14:47:16 - [TEST_STEP][PASSED] - setEncryptedText(findTestObject("Object Repository/test4/Page_Swag Labs/input_standard_userlocked_out_userproblem_u_3423e9"), "qcu24s4901FyWDTwXGr6XA=="): Text ****** has been set on object 'Object Repository/test4/Page_Swag Labs/input_standard_userlocked_out_userproblem_u_3423e9'

19-05-2024T14:47:17 - [MESSAGE][PASSED] - Text ****** has been set on object 'Object Repository/test4/Page_Swag Labs/input_standard_userlocked_out_userproblem_u_3423e9'

19-05-2024T14:47:17 - [TEST_STEP][PASSED] - click(findTestObject("Object Repository/test4/Page_Swag Labs/input_standard_userlocked_out_userproblem_u_0dff71")): Object: 'Object Repository/test4/Page_Swag Labs/input_standard_userlocked_out_userproblem_u_0dff71' is clicked on

19-05-2024T14:47:18 - [MESSAGE][PASSED] - Object: 'Object Repository/test4/Page_Swag Labs/input_standard_userlocked_out_userproblem_u_0dff71' is clicked on

19-05-2024T14:47:18 - [TEST_STEP][PASSED] - selectOptionByValue(findTestObject("Object Repository/test4/Page_Swag Labs/select_Name (A to Z)Name (Z to A)Price (low_f7e90a"), "za", true): All options with value 'za' are selected in object 'Object Repository/test4/Page_Swag Labs/select_Name (A to Z)Name (Z to A)Price (low_f7e90a'  using regular expression

19-05-2024T14:47:19 - [MESSAGE][PASSED] - All options with value 'za' are selected in object 'Object Repository/test4/Page_Swag Labs/select_Name (A to Z)Name (Z to A)Price (low_f7e90a'  using regular expression

19-05-2024T14:47:19 - [TEST_STEP][PASSED] - click(findTestObject("Object Repository/test4/Page_Swag Labs/button_ADD TO CART")): Object: 'Object Repository/test4/Page_Swag Labs/button_ADD TO CART' is clicked on

19-05-2024T14:47:20 - [MESSAGE][PASSED] - Object: 'Object Repository/test4/Page_Swag Labs/button_ADD TO CART' is clicked on

19-05-2024T14:47:20 - [TEST_STEP][PASSED] - click(findTestObject("Object Repository/test4/Page_Swag Labs/button_REMOVE")): Object: 'Object Repository/test4/Page_Swag Labs/button_REMOVE' is clicked on

19-05-2024T14:47:21 - [MESSAGE][PASSED] - Object: 'Object Repository/test4/Page_Swag Labs/button_REMOVE' is clicked on

19-05-2024T14:47:21 - [TEST_STEP][PASSED] - closeBrowser(): Browser is closed

19-05-2024T14:47:21 - [MESSAGE][PASSED] - Browser is closed]]></system-out>
         <system-err><![CDATA[]]></system-err>
      </testcase>
      <system-out><![CDATA[19-05-2024T14:47:09 - [TEST_SUITE][PASSED] - test4: Test Cases/test4]]></system-out>
      <system-err><![CDATA[]]></system-err>
   </testsuite>
</testsuites>
