<?xml version="1.0" encoding="UTF-8"?>
<testsuites name="pet" time="9.675" tests="1" failures="0" errors="0">
   <testsuite name="pet" tests="1" failures="0" errors="0" time="9.675" skipped="0" timestamp="19-05-2024T14:27:50" hostname="XS986NH - XWB0RGVQ3.ey.net" id="Test Suites/pet">
      <properties>
         <property name="deviceName" value=""/>
         <property name="devicePlatform" value=""/>
         <property name="logFolder" value="C:\\Users\\XS986NH\\git\\KatlonRepository\\Reports\\20240519_142747\\pet\\20240519_142747"/>
         <property name="logFiles" value="C:\\Users\\XS986NH\\git\\KatlonRepository\\Reports\\20240519_142747\\pet\\20240519_142747\\execution0.log"/>
         <property name="attachments" value=""/>
         <property name="hostName" value="XS986NH - XWB0RGVQ3.ey.net"/>
         <property name="os" value="Windows 10 64bit"/>
         <property name="katalonVersion" value="9.4.0.212"/>
         <property name="browser" value="Edge Chromium 124"/>
         <property name="hostAddress" value="192.168.0.105"/>
         <property name="sessionId" value="c8a6ce41e735ce8cc92c905f621f4c91"/>
         <property name="seleniumVersion" value="3.141.59"/>
         <property name="proxyInformation" value="ProxyInformation { proxyOption=NO_PROXY, proxyServerType=HTTP, username=, password=********, proxyServerAddress=, proxyServerPort=0, executionList=&quot;&quot;, isApplyToDesiredCapabilities=true }"/>
         <property name="platform" value="Windows 10"/>
      </properties>
      <testcase name="Test Cases/pet" time="9.524" classname="Test Cases/pet" status="PASSED">
         <system-out><![CDATA[19-05-2024T14:27:50 - [TEST_CASE][PASSED] - Test Cases/pet: Test Cases/pet

19-05-2024T14:27:51 - [TEST_STEP][PASSED] - openBrowser(""): Browser is opened with url: ''

19-05-2024T14:27:51 - [MESSAGE][INFO] - Starting 'Edge Chromium' driver

19-05-2024T14:27:53 - [MESSAGE][INFO] - Action delay is set to 0 milliseconds

19-05-2024T14:27:55 - [MESSAGE][PASSED] - Browser is opened with url: ''

19-05-2024T14:27:55 - [TEST_STEP][PASSED] - navigateToUrl("https://petstore.octoperf.com/actions/Catalog.action"): Navigate to 'https://petstore.octoperf.com/actions/Catalog.action' successfully

19-05-2024T14:27:56 - [MESSAGE][PASSED] - Navigate to 'https://petstore.octoperf.com/actions/Catalog.action' successfully

19-05-2024T14:27:56 - [TEST_STEP][PASSED] - click(findTestObject("Object Repository/pet/Page_JPetStore Demo/img")): Object: 'Object Repository/pet/Page_JPetStore Demo/img' is clicked on

19-05-2024T14:27:57 - [MESSAGE][PASSED] - Object: 'Object Repository/pet/Page_JPetStore Demo/img' is clicked on

19-05-2024T14:27:57 - [TEST_STEP][PASSED] - click(findTestObject("Object Repository/pet/Page_JPetStore Demo/img_1")): Object: 'Object Repository/pet/Page_JPetStore Demo/img_1' is clicked on

19-05-2024T14:27:58 - [MESSAGE][PASSED] - Object: 'Object Repository/pet/Page_JPetStore Demo/img_1' is clicked on

19-05-2024T14:27:58 - [TEST_STEP][PASSED] - click(findTestObject("Object Repository/pet/Page_JPetStore Demo/img_1_2")): Object: 'Object Repository/pet/Page_JPetStore Demo/img_1_2' is clicked on

19-05-2024T14:27:58 - [MESSAGE][PASSED] - Object: 'Object Repository/pet/Page_JPetStore Demo/img_1_2' is clicked on

19-05-2024T14:27:58 - [TEST_STEP][PASSED] - click(findTestObject("Object Repository/pet/Page_JPetStore Demo/img_1_2_3")): Object: 'Object Repository/pet/Page_JPetStore Demo/img_1_2_3' is clicked on

19-05-2024T14:27:59 - [MESSAGE][PASSED] - Object: 'Object Repository/pet/Page_JPetStore Demo/img_1_2_3' is clicked on

19-05-2024T14:27:59 - [TEST_STEP][PASSED] - click(findTestObject("Object Repository/pet/Page_JPetStore Demo/img_1_2_3_4")): Object: 'Object Repository/pet/Page_JPetStore Demo/img_1_2_3_4' is clicked on

19-05-2024T14:28:00 - [MESSAGE][PASSED] - Object: 'Object Repository/pet/Page_JPetStore Demo/img_1_2_3_4' is clicked on

19-05-2024T14:28:00 - [TEST_STEP][PASSED] - closeBrowser(): Browser is closed

19-05-2024T14:28:00 - [MESSAGE][PASSED] - Browser is closed]]></system-out>
         <system-err><![CDATA[]]></system-err>
      </testcase>
      <system-out><![CDATA[19-05-2024T14:27:50 - [TEST_SUITE][PASSED] - pet: Test Cases/pet]]></system-out>
      <system-err><![CDATA[]]></system-err>
   </testsuite>
</testsuites>
