<?xml version="1.0" encoding="UTF-8"?>
<testsuites name="pet1" time="16.953" tests="1" failures="0" errors="0">
   <testsuite name="pet1" tests="1" failures="0" errors="0" time="16.953" skipped="0" timestamp="19-05-2024T14:32:39" hostname="XS986NH - XWB0RGVQ3.ey.net" id="Test Suites/pet1">
      <properties>
         <property name="deviceName" value=""/>
         <property name="devicePlatform" value=""/>
         <property name="logFolder" value="C:\\Users\\XS986NH\\git\\KatlonRepository\\Reports\\20240519_143236\\pet1\\20240519_143236"/>
         <property name="logFiles" value="C:\\Users\\XS986NH\\git\\KatlonRepository\\Reports\\20240519_143236\\pet1\\20240519_143236\\execution0.log"/>
         <property name="attachments" value=""/>
         <property name="hostName" value="XS986NH - XWB0RGVQ3.ey.net"/>
         <property name="os" value="Windows 10 64bit"/>
         <property name="katalonVersion" value="9.4.0.212"/>
         <property name="browser" value="Edge Chromium 124"/>
         <property name="hostAddress" value="192.168.0.105"/>
         <property name="sessionId" value="313af34aef9fb09692203d321d383e1a"/>
         <property name="seleniumVersion" value="3.141.59"/>
         <property name="proxyInformation" value="ProxyInformation { proxyOption=NO_PROXY, proxyServerType=HTTP, username=, password=********, proxyServerAddress=, proxyServerPort=0, executionList=&quot;&quot;, isApplyToDesiredCapabilities=true }"/>
         <property name="platform" value="Windows 10"/>
      </properties>
      <testcase name="Test Cases/pet1" time="16.771" classname="Test Cases/pet1" status="PASSED">
         <system-out><![CDATA[19-05-2024T14:32:40 - [TEST_CASE][PASSED] - Test Cases/pet1: Test Cases/pet1

19-05-2024T14:32:40 - [TEST_STEP][PASSED] - openBrowser(""): Browser is opened with url: ''

19-05-2024T14:32:40 - [MESSAGE][INFO] - Starting 'Edge Chromium' driver

19-05-2024T14:32:43 - [MESSAGE][INFO] - Action delay is set to 0 milliseconds

19-05-2024T14:32:44 - [MESSAGE][PASSED] - Browser is opened with url: ''

19-05-2024T14:32:44 - [TEST_STEP][PASSED] - navigateToUrl("https://petstore.octoperf.com/actions/Catalog.action"): Navigate to 'https://petstore.octoperf.com/actions/Catalog.action' successfully

19-05-2024T14:32:46 - [MESSAGE][PASSED] - Navigate to 'https://petstore.octoperf.com/actions/Catalog.action' successfully

19-05-2024T14:32:46 - [TEST_STEP][PASSED] - click(findTestObject("Object Repository/pet1/Page_JPetStore Demo/img")): Object: 'Object Repository/pet1/Page_JPetStore Demo/img' is clicked on

19-05-2024T14:32:47 - [MESSAGE][PASSED] - Object: 'Object Repository/pet1/Page_JPetStore Demo/img' is clicked on

19-05-2024T14:32:47 - [TEST_STEP][PASSED] - click(findTestObject("Object Repository/pet1/Page_JPetStore Demo/a_Return to Main Menu")): Object: 'Object Repository/pet1/Page_JPetStore Demo/a_Return to Main Menu' is clicked on

19-05-2024T14:32:47 - [MESSAGE][PASSED] - Object: 'Object Repository/pet1/Page_JPetStore Demo/a_Return to Main Menu' is clicked on

19-05-2024T14:32:47 - [TEST_STEP][PASSED] - setText(findTestObject("Object Repository/pet1/Page_JPetStore Demo/input__keyword"), "birds"): Text 'birds' is set on object 'Object Repository/pet1/Page_JPetStore Demo/input__keyword'

19-05-2024T14:32:48 - [MESSAGE][PASSED] - Text 'birds' is set on object 'Object Repository/pet1/Page_JPetStore Demo/input__keyword'

19-05-2024T14:32:48 - [TEST_STEP][PASSED] - sendKeys(findTestObject("Object Repository/pet1/Page_JPetStore Demo/input__keyword"), Keys.chord(ENTER)): Keys 'ENTER + ' sent to object: 'Object Repository/pet1/Page_JPetStore Demo/input__keyword'

19-05-2024T14:32:49 - [MESSAGE][PASSED] - Keys 'ENTER + ' sent to object: 'Object Repository/pet1/Page_JPetStore Demo/input__keyword'

19-05-2024T14:32:49 - [TEST_STEP][PASSED] - click(findTestObject("Object Repository/pet1/Page_JPetStore Demo/input__searchProducts")): Object: 'Object Repository/pet1/Page_JPetStore Demo/input__searchProducts' is clicked on

19-05-2024T14:32:49 - [MESSAGE][PASSED] - Object: 'Object Repository/pet1/Page_JPetStore Demo/input__searchProducts' is clicked on

19-05-2024T14:32:49 - [TEST_STEP][PASSED] - click(findTestObject("Object Repository/pet1/Page_JPetStore Demo/input__searchProducts")): Object: 'Object Repository/pet1/Page_JPetStore Demo/input__searchProducts' is clicked on

19-05-2024T14:32:50 - [MESSAGE][PASSED] - Object: 'Object Repository/pet1/Page_JPetStore Demo/input__searchProducts' is clicked on

19-05-2024T14:32:50 - [TEST_STEP][PASSED] - click(findTestObject("Object Repository/pet1/Page_JPetStore Demo/a_Return to Main Menu")): Object: 'Object Repository/pet1/Page_JPetStore Demo/a_Return to Main Menu' is clicked on

19-05-2024T14:32:51 - [MESSAGE][PASSED] - Object: 'Object Repository/pet1/Page_JPetStore Demo/a_Return to Main Menu' is clicked on

19-05-2024T14:32:51 - [TEST_STEP][PASSED] - click(findTestObject("Object Repository/pet1/Page_JPetStore Demo/img_1")): Object: 'Object Repository/pet1/Page_JPetStore Demo/img_1' is clicked on

19-05-2024T14:32:51 - [MESSAGE][PASSED] - Object: 'Object Repository/pet1/Page_JPetStore Demo/img_1' is clicked on

19-05-2024T14:32:51 - [TEST_STEP][PASSED] - click(findTestObject("Object Repository/pet1/Page_JPetStore Demo/a_RP-SN-01")): Object: 'Object Repository/pet1/Page_JPetStore Demo/a_RP-SN-01' is clicked on

19-05-2024T14:32:52 - [MESSAGE][PASSED] - Object: 'Object Repository/pet1/Page_JPetStore Demo/a_RP-SN-01' is clicked on

19-05-2024T14:32:52 - [TEST_STEP][PASSED] - click(findTestObject("Object Repository/pet1/Page_JPetStore Demo/a_Add to Cart")): Object: 'Object Repository/pet1/Page_JPetStore Demo/a_Add to Cart' is clicked on

19-05-2024T14:32:53 - [MESSAGE][PASSED] - Object: 'Object Repository/pet1/Page_JPetStore Demo/a_Add to Cart' is clicked on

19-05-2024T14:32:53 - [TEST_STEP][PASSED] - click(findTestObject("Object Repository/pet1/Page_JPetStore Demo/a_Proceed to Checkout")): Object: 'Object Repository/pet1/Page_JPetStore Demo/a_Proceed to Checkout' is clicked on

19-05-2024T14:32:54 - [MESSAGE][PASSED] - Object: 'Object Repository/pet1/Page_JPetStore Demo/a_Proceed to Checkout' is clicked on

19-05-2024T14:32:54 - [TEST_STEP][PASSED] - setText(findTestObject("Object Repository/pet1/Page_JPetStore Demo/input_Need a user name and password_username"), "rosh1"): Text 'rosh1' is set on object 'Object Repository/pet1/Page_JPetStore Demo/input_Need a user name and password_username'

19-05-2024T14:32:54 - [MESSAGE][PASSED] - Text 'rosh1' is set on object 'Object Repository/pet1/Page_JPetStore Demo/input_Need a user name and password_username'

19-05-2024T14:32:54 - [TEST_STEP][PASSED] - setEncryptedText(findTestObject("Object Repository/pet1/Page_JPetStore Demo/input_Need a user name and password_password"), "zXRQAqd5nmk="): Text ****** has been set on object 'Object Repository/pet1/Page_JPetStore Demo/input_Need a user name and password_password'

19-05-2024T14:32:55 - [MESSAGE][PASSED] - Text ****** has been set on object 'Object Repository/pet1/Page_JPetStore Demo/input_Need a user name and password_password'

19-05-2024T14:32:55 - [TEST_STEP][PASSED] - click(findTestObject("Object Repository/pet1/Page_JPetStore Demo/input_Need a user name and password_signon")): Object: 'Object Repository/pet1/Page_JPetStore Demo/input_Need a user name and password_signon' is clicked on

19-05-2024T14:32:56 - [MESSAGE][PASSED] - Object: 'Object Repository/pet1/Page_JPetStore Demo/input_Need a user name and password_signon' is clicked on

19-05-2024T14:32:56 - [TEST_STEP][PASSED] - closeBrowser(): Browser is closed

19-05-2024T14:32:56 - [MESSAGE][PASSED] - Browser is closed]]></system-out>
         <system-err><![CDATA[]]></system-err>
      </testcase>
      <system-out><![CDATA[19-05-2024T14:32:39 - [TEST_SUITE][PASSED] - pet1: Test Cases/pet1]]></system-out>
      <system-err><![CDATA[]]></system-err>
   </testsuite>
</testsuites>
