<?xml version="1.0" encoding="UTF-8"?>
<testsuites name="test3" time="14.567" tests="1" failures="0" errors="0">
   <testsuite name="test3" tests="1" failures="0" errors="0" time="14.567" skipped="0" timestamp="19-05-2024T14:44:03" hostname="XS986NH - XWB0RGVQ3.ey.net" id="Test Suites/test3">
      <properties>
         <property name="deviceName" value=""/>
         <property name="devicePlatform" value=""/>
         <property name="logFolder" value="C:\\Users\\XS986NH\\git\\KatlonRepository\\Reports\\20240519_144349\\test3\\20240519_144354"/>
         <property name="logFiles" value="C:\\Users\\XS986NH\\git\\KatlonRepository\\Reports\\20240519_144349\\test3\\20240519_144354\\execution0.log"/>
         <property name="attachments" value=""/>
         <property name="hostName" value="XS986NH - XWB0RGVQ3.ey.net"/>
         <property name="os" value="Windows 10 64bit"/>
         <property name="katalonVersion" value="9.4.0.212"/>
         <property name="browser" value="Edge Chromium 124"/>
         <property name="hostAddress" value="192.168.0.105"/>
         <property name="sessionId" value="0b8776f5b3d0522d387e23acb7020edb"/>
         <property name="seleniumVersion" value="3.141.59"/>
         <property name="proxyInformation" value="ProxyInformation { proxyOption=NO_PROXY, proxyServerType=HTTP, username=, password=********, proxyServerAddress=, proxyServerPort=0, executionList=&quot;&quot;, isApplyToDesiredCapabilities=true }"/>
         <property name="platform" value="Windows 10"/>
      </properties>
      <testcase name="Test Cases/test3" time="14.244" classname="Test Cases/test3" status="PASSED">
         <system-out><![CDATA[19-05-2024T14:44:03 - [TEST_CASE][PASSED] - Test Cases/test3: Test Cases/test3

19-05-2024T14:44:04 - [TEST_STEP][PASSED] - openBrowser(""): Browser is opened with url: ''

19-05-2024T14:44:04 - [MESSAGE][INFO] - Starting 'Edge Chromium' driver

19-05-2024T14:44:07 - [MESSAGE][INFO] - Action delay is set to 0 milliseconds

19-05-2024T14:44:10 - [MESSAGE][PASSED] - Browser is opened with url: ''

19-05-2024T14:44:10 - [TEST_STEP][PASSED] - navigateToUrl("https://www.saucedemo.com/v1/"): Navigate to 'https://www.saucedemo.com/v1/' successfully

19-05-2024T14:44:11 - [MESSAGE][PASSED] - Navigate to 'https://www.saucedemo.com/v1/' successfully

19-05-2024T14:44:11 - [TEST_STEP][PASSED] - maximizeWindow(): Current window maximized

19-05-2024T14:44:11 - [MESSAGE][PASSED] - Current window maximized

19-05-2024T14:44:11 - [TEST_STEP][PASSED] - setText(findTestObject("Object Repository/test3/Page_Swag Labs/input_standard_userlocked_out_userproblem_u_db77ac"), "standard_user"): Text 'standard_user' is set on object 'Object Repository/test3/Page_Swag Labs/input_standard_userlocked_out_userproblem_u_db77ac'

19-05-2024T14:44:13 - [MESSAGE][PASSED] - Text 'standard_user' is set on object 'Object Repository/test3/Page_Swag Labs/input_standard_userlocked_out_userproblem_u_db77ac'

19-05-2024T14:44:13 - [TEST_STEP][PASSED] - setEncryptedText(findTestObject("Object Repository/test3/Page_Swag Labs/input_standard_userlocked_out_userproblem_u_3423e9"), "qcu24s4901FyWDTwXGr6XA=="): Text ****** has been set on object 'Object Repository/test3/Page_Swag Labs/input_standard_userlocked_out_userproblem_u_3423e9'

19-05-2024T14:44:14 - [MESSAGE][PASSED] - Text ****** has been set on object 'Object Repository/test3/Page_Swag Labs/input_standard_userlocked_out_userproblem_u_3423e9'

19-05-2024T14:44:14 - [TEST_STEP][PASSED] - click(findTestObject("Object Repository/test3/Page_Swag Labs/input_standard_userlocked_out_userproblem_u_0dff71")): Object: 'Object Repository/test3/Page_Swag Labs/input_standard_userlocked_out_userproblem_u_0dff71' is clicked on

19-05-2024T14:44:16 - [MESSAGE][PASSED] - Object: 'Object Repository/test3/Page_Swag Labs/input_standard_userlocked_out_userproblem_u_0dff71' is clicked on

19-05-2024T14:44:16 - [TEST_STEP][PASSED] - click(findTestObject("Object Repository/test3/Page_Swag Labs/button_ADD TO CART")): Object: 'Object Repository/test3/Page_Swag Labs/button_ADD TO CART' is clicked on

19-05-2024T14:44:16 - [MESSAGE][PASSED] - Object: 'Object Repository/test3/Page_Swag Labs/button_ADD TO CART' is clicked on

19-05-2024T14:44:16 - [TEST_STEP][PASSED] - click(findTestObject("Object Repository/test3/Page_Swag Labs/button_ADD TO CART")): Object: 'Object Repository/test3/Page_Swag Labs/button_ADD TO CART' is clicked on

19-05-2024T14:44:16 - [MESSAGE][PASSED] - Object: 'Object Repository/test3/Page_Swag Labs/button_ADD TO CART' is clicked on

19-05-2024T14:44:16 - [TEST_STEP][PASSED] - click(findTestObject("Object Repository/test3/Page_Swag Labs/svg_Open Menu_svg-inline--fa fa-shopping-ca_f4ec0f")): Object: 'Object Repository/test3/Page_Swag Labs/svg_Open Menu_svg-inline--fa fa-shopping-ca_f4ec0f' is clicked on

19-05-2024T14:44:17 - [MESSAGE][PASSED] - Object: 'Object Repository/test3/Page_Swag Labs/svg_Open Menu_svg-inline--fa fa-shopping-ca_f4ec0f' is clicked on

19-05-2024T14:44:17 - [TEST_STEP][PASSED] - closeBrowser(): Browser is closed

19-05-2024T14:44:18 - [MESSAGE][PASSED] - Browser is closed]]></system-out>
         <system-err><![CDATA[]]></system-err>
      </testcase>
      <system-out><![CDATA[19-05-2024T14:44:03 - [TEST_SUITE][PASSED] - test3: Test Cases/test3]]></system-out>
      <system-err><![CDATA[]]></system-err>
   </testsuite>
</testsuites>
