<?xml version="1.0" encoding="UTF-8"?>
<testsuites name="test1" time="14.46" tests="1" failures="0" errors="0">
   <testsuite name="test1" tests="1" failures="0" errors="0" time="14.46" skipped="0" timestamp="19-05-2024T14:44:02" hostname="XS986NH - XWB0RGVQ3.ey.net" id="Test Suites/test1">
      <properties>
         <property name="deviceName" value=""/>
         <property name="devicePlatform" value=""/>
         <property name="logFolder" value="C:\\Users\\XS986NH\\git\\KatlonRepository\\Reports\\20240519_144349\\test1\\20240519_144350"/>
         <property name="logFiles" value="C:\\Users\\XS986NH\\git\\KatlonRepository\\Reports\\20240519_144349\\test1\\20240519_144350\\execution0.log"/>
         <property name="attachments" value=""/>
         <property name="hostName" value="XS986NH - XWB0RGVQ3.ey.net"/>
         <property name="os" value="Windows 10 64bit"/>
         <property name="katalonVersion" value="9.4.0.212"/>
         <property name="browser" value="Edge Chromium 124"/>
         <property name="hostAddress" value="192.168.0.105"/>
         <property name="sessionId" value="f69f571f1159091bf4ebe66990f6e304"/>
         <property name="seleniumVersion" value="3.141.59"/>
         <property name="proxyInformation" value="ProxyInformation { proxyOption=NO_PROXY, proxyServerType=HTTP, username=, password=********, proxyServerAddress=, proxyServerPort=0, executionList=&quot;&quot;, isApplyToDesiredCapabilities=true }"/>
         <property name="platform" value="Windows 10"/>
      </properties>
      <testcase name="Test Cases/test1" time="14.161" classname="Test Cases/test1" status="PASSED">
         <system-out><![CDATA[19-05-2024T14:44:02 - [TEST_CASE][PASSED] - Test Cases/test1: Test Cases/test1

19-05-2024T14:44:03 - [TEST_STEP][PASSED] - openBrowser(""): Browser is opened with url: ''

19-05-2024T14:44:03 - [MESSAGE][INFO] - Starting 'Edge Chromium' driver

19-05-2024T14:44:06 - [MESSAGE][INFO] - Action delay is set to 0 milliseconds

19-05-2024T14:44:08 - [MESSAGE][PASSED] - Browser is opened with url: ''

19-05-2024T14:44:08 - [TEST_STEP][PASSED] - navigateToUrl("https://www.saucedemo.com/v1/"): Navigate to 'https://www.saucedemo.com/v1/' successfully

19-05-2024T14:44:10 - [MESSAGE][PASSED] - Navigate to 'https://www.saucedemo.com/v1/' successfully

19-05-2024T14:44:10 - [TEST_STEP][PASSED] - delay(2): Delayed 2 second(s)

19-05-2024T14:44:12 - [MESSAGE][PASSED] - Delayed 2 second(s)

19-05-2024T14:44:12 - [TEST_STEP][PASSED] - setText(findTestObject("Object Repository/test1/Page_Swag Labs/input_standard_userlocked_out_userproblem_u_db77ac"), "Roshani"): Text 'Roshani' is set on object 'Object Repository/test1/Page_Swag Labs/input_standard_userlocked_out_userproblem_u_db77ac'

19-05-2024T14:44:14 - [MESSAGE][PASSED] - Text 'Roshani' is set on object 'Object Repository/test1/Page_Swag Labs/input_standard_userlocked_out_userproblem_u_db77ac'

19-05-2024T14:44:14 - [TEST_STEP][PASSED] - setEncryptedText(findTestObject("Object Repository/test1/Page_Swag Labs/input_standard_userlocked_out_userproblem_u_3423e9"), "rvowAzmzK/s="): Text ****** has been set on object 'Object Repository/test1/Page_Swag Labs/input_standard_userlocked_out_userproblem_u_3423e9'

19-05-2024T14:44:15 - [MESSAGE][PASSED] - Text ****** has been set on object 'Object Repository/test1/Page_Swag Labs/input_standard_userlocked_out_userproblem_u_3423e9'

19-05-2024T14:44:15 - [TEST_STEP][PASSED] - click(findTestObject("Object Repository/test1/Page_Swag Labs/input_standard_userlocked_out_userproblem_u_0dff71")): Object: 'Object Repository/test1/Page_Swag Labs/input_standard_userlocked_out_userproblem_u_0dff71' is clicked on

19-05-2024T14:44:15 - [MESSAGE][PASSED] - Object: 'Object Repository/test1/Page_Swag Labs/input_standard_userlocked_out_userproblem_u_0dff71' is clicked on

19-05-2024T14:44:15 - [TEST_STEP][PASSED] - click(findTestObject("Object Repository/test1/Page_Swag Labs/h3_Epic sadface Username and password do no_0e8909")): Object: 'Object Repository/test1/Page_Swag Labs/h3_Epic sadface Username and password do no_0e8909' is clicked on

19-05-2024T14:44:16 - [MESSAGE][PASSED] - Object: 'Object Repository/test1/Page_Swag Labs/h3_Epic sadface Username and password do no_0e8909' is clicked on

19-05-2024T14:44:16 - [TEST_STEP][PASSED] - verifyElementVisible(findTestObject("Object Repository/test1/Page_Swag Labs/h3_Epic sadface Username and password do no_0e8909")): Object 'Object Repository/test1/Page_Swag Labs/h3_Epic sadface Username and password do no_0e8909' is visible

19-05-2024T14:44:16 - [MESSAGE][PASSED] - Object 'Object Repository/test1/Page_Swag Labs/h3_Epic sadface Username and password do no_0e8909' is visible

19-05-2024T14:44:16 - [TEST_STEP][PASSED] - closeBrowser(): Browser is closed

19-05-2024T14:44:17 - [MESSAGE][PASSED] - Browser is closed]]></system-out>
         <system-err><![CDATA[]]></system-err>
      </testcase>
      <system-out><![CDATA[19-05-2024T14:44:02 - [TEST_SUITE][PASSED] - test1: Test Cases/test1]]></system-out>
      <system-err><![CDATA[]]></system-err>
   </testsuite>
</testsuites>
