<?xml version="1.0" encoding="UTF-8"?>
<testsuites name="DataDriven" time="32.243" tests="2" failures="0" errors="0">
   <testsuite name="DataDriven" tests="2" failures="0" errors="0" time="32.243" skipped="0" timestamp="19-05-2024T14:45:51" hostname="XS986NH - XWB0RGVQ3.ey.net" id="Test Suites/DataDriven">
      <properties>
         <property name="deviceName" value=""/>
         <property name="devicePlatform" value=""/>
         <property name="logFolder" value="C:\\Users\\XS986NH\\git\\KatlonRepository\\Reports\\20240519_144537\\DataDriven\\20240519_144542"/>
         <property name="logFiles" value="C:\\Users\\XS986NH\\git\\KatlonRepository\\Reports\\20240519_144537\\DataDriven\\20240519_144542\\execution0.log"/>
         <property name="attachments" value=""/>
         <property name="hostName" value="XS986NH - XWB0RGVQ3.ey.net"/>
         <property name="os" value="Windows 10 64bit"/>
         <property name="katalonVersion" value="9.4.0.212"/>
         <property name="browser" value="Edge Chromium 124"/>
         <property name="hostAddress" value="192.168.0.105"/>
         <property name="sessionId" value="0bfbca6171bf213d1d539f3bc476988b"/>
         <property name="seleniumVersion" value="3.141.59"/>
         <property name="proxyInformation" value="ProxyInformation { proxyOption=NO_PROXY, proxyServerType=HTTP, username=, password=********, proxyServerAddress=, proxyServerPort=0, executionList=&quot;&quot;, isApplyToDesiredCapabilities=true }"/>
         <property name="platform" value="Windows 10"/>
      </properties>
      <testcase name="Test Cases/DataDriven" time="18.693" classname="Test Cases/DataDriven" status="PASSED">
         <system-out><![CDATA[19-05-2024T14:45:51 - [TEST_CASE][PASSED] - Test Cases/DataDriven: Test Cases/DataDriven

19-05-2024T14:45:52 - [TEST_STEP][PASSED] - openBrowser(""): Browser is opened with url: ''

19-05-2024T14:45:52 - [MESSAGE][INFO] - Starting 'Edge Chromium' driver

19-05-2024T14:45:54 - [MESSAGE][INFO] - Action delay is set to 0 milliseconds

19-05-2024T14:45:57 - [MESSAGE][PASSED] - Browser is opened with url: ''

19-05-2024T14:45:57 - [TEST_STEP][PASSED] - navigateToUrl(url): Navigate to 'https://petstore.octoperf.com/' successfully

19-05-2024T14:45:59 - [MESSAGE][PASSED] - Navigate to 'https://petstore.octoperf.com/' successfully

19-05-2024T14:45:59 - [TEST_STEP][PASSED] - click(findTestObject("Object Repository/DataDriven/Page_JPetStore Demo/a_Enter the Store")): Object: 'Object Repository/DataDriven/Page_JPetStore Demo/a_Enter the Store' is clicked on

19-05-2024T14:46:01 - [MESSAGE][PASSED] - Object: 'Object Repository/DataDriven/Page_JPetStore Demo/a_Enter the Store' is clicked on

19-05-2024T14:46:01 - [TEST_STEP][PASSED] - click(findTestObject("Object Repository/DataDriven/Page_JPetStore Demo/a_Sign In")): Object: 'Object Repository/DataDriven/Page_JPetStore Demo/a_Sign In' is clicked on

19-05-2024T14:46:02 - [MESSAGE][PASSED] - Object: 'Object Repository/DataDriven/Page_JPetStore Demo/a_Sign In' is clicked on

19-05-2024T14:46:02 - [TEST_STEP][PASSED] - setText(findTestObject("Object Repository/DataDriven/Page_JPetStore Demo/input_Need a user name and password_username"), username): Text 'rosh1' is set on object 'Object Repository/DataDriven/Page_JPetStore Demo/input_Need a user name and password_username'

19-05-2024T14:46:04 - [MESSAGE][PASSED] - Text 'rosh1' is set on object 'Object Repository/DataDriven/Page_JPetStore Demo/input_Need a user name and password_username'

19-05-2024T14:46:04 - [TEST_STEP][PASSED] - setText(findTestObject("Object Repository/DataDriven/Page_JPetStore Demo/input_Need a user name and password_password"), password): Text 'rosh1' is set on object 'Object Repository/DataDriven/Page_JPetStore Demo/input_Need a user name and password_password'

19-05-2024T14:46:05 - [MESSAGE][PASSED] - Text 'rosh1' is set on object 'Object Repository/DataDriven/Page_JPetStore Demo/input_Need a user name and password_password'

19-05-2024T14:46:05 - [TEST_STEP][PASSED] - click(findTestObject("Object Repository/DataDriven/Page_JPetStore Demo/input_Need a user name and password_signon")): Object: 'Object Repository/DataDriven/Page_JPetStore Demo/input_Need a user name and password_signon' is clicked on

19-05-2024T14:46:05 - [MESSAGE][PASSED] - Object: 'Object Repository/DataDriven/Page_JPetStore Demo/input_Need a user name and password_signon' is clicked on

19-05-2024T14:46:05 - [TEST_STEP][PASSED] - click(findTestObject("Object Repository/DataDriven/Page_JPetStore Demo/a_Sign Out")): Object: 'Object Repository/DataDriven/Page_JPetStore Demo/a_Sign Out' is clicked on

19-05-2024T14:46:06 - [MESSAGE][PASSED] - Object: 'Object Repository/DataDriven/Page_JPetStore Demo/a_Sign Out' is clicked on

19-05-2024T14:46:06 - [TEST_STEP][PASSED] - click(findTestObject("Object Repository/DataDriven/Page_JPetStore Demo/a_Sign In_1")): Object: 'Object Repository/DataDriven/Page_JPetStore Demo/a_Sign In_1' is clicked on

19-05-2024T14:46:07 - [MESSAGE][PASSED] - Object: 'Object Repository/DataDriven/Page_JPetStore Demo/a_Sign In_1' is clicked on

19-05-2024T14:46:07 - [TEST_STEP][PASSED] - setText(findTestObject("Object Repository/DataDriven/Page_JPetStore Demo/input_Need a user name and password_username_1"), username): Text 'rosh1' is set on object 'Object Repository/DataDriven/Page_JPetStore Demo/input_Need a user name and password_username_1'

19-05-2024T14:46:08 - [MESSAGE][PASSED] - Text 'rosh1' is set on object 'Object Repository/DataDriven/Page_JPetStore Demo/input_Need a user name and password_username_1'

19-05-2024T14:46:08 - [TEST_STEP][PASSED] - setText(findTestObject("Object Repository/DataDriven/Page_JPetStore Demo/input_Need a user name and password_password"), password): Text 'rosh1' is set on object 'Object Repository/DataDriven/Page_JPetStore Demo/input_Need a user name and password_password'

19-05-2024T14:46:09 - [MESSAGE][PASSED] - Text 'rosh1' is set on object 'Object Repository/DataDriven/Page_JPetStore Demo/input_Need a user name and password_password'

19-05-2024T14:46:09 - [TEST_STEP][PASSED] - click(findTestObject("Object Repository/DataDriven/Page_JPetStore Demo/input_Need a user name and password_signon")): Object: 'Object Repository/DataDriven/Page_JPetStore Demo/input_Need a user name and password_signon' is clicked on

19-05-2024T14:46:09 - [MESSAGE][PASSED] - Object: 'Object Repository/DataDriven/Page_JPetStore Demo/input_Need a user name and password_signon' is clicked on

19-05-2024T14:46:09 - [TEST_STEP][PASSED] - closeBrowser(): Browser is closed

19-05-2024T14:46:10 - [MESSAGE][PASSED] - Browser is closed]]></system-out>
         <system-err><![CDATA[]]></system-err>
      </testcase>
      <testcase name="Test Cases/DataDriven" time="13.02" classname="Test Cases/DataDriven" status="PASSED">
         <system-out><![CDATA[19-05-2024T14:46:10 - [TEST_CASE][PASSED] - Test Cases/DataDriven: Test Cases/DataDriven

19-05-2024T14:46:10 - [TEST_STEP][PASSED] - openBrowser(""): Browser is opened with url: ''

19-05-2024T14:46:10 - [MESSAGE][INFO] - Starting 'Edge Chromium' driver

19-05-2024T14:46:12 - [MESSAGE][INFO] - Action delay is set to 0 milliseconds

19-05-2024T14:46:13 - [MESSAGE][PASSED] - Browser is opened with url: ''

19-05-2024T14:46:13 - [TEST_STEP][PASSED] - navigateToUrl(url): Navigate to 'https://petstore.octoperf.com/' successfully

19-05-2024T14:46:14 - [MESSAGE][PASSED] - Navigate to 'https://petstore.octoperf.com/' successfully

19-05-2024T14:46:14 - [TEST_STEP][PASSED] - click(findTestObject("Object Repository/DataDriven/Page_JPetStore Demo/a_Enter the Store")): Object: 'Object Repository/DataDriven/Page_JPetStore Demo/a_Enter the Store' is clicked on

19-05-2024T14:46:16 - [MESSAGE][PASSED] - Object: 'Object Repository/DataDriven/Page_JPetStore Demo/a_Enter the Store' is clicked on

19-05-2024T14:46:16 - [TEST_STEP][PASSED] - click(findTestObject("Object Repository/DataDriven/Page_JPetStore Demo/a_Sign In")): Object: 'Object Repository/DataDriven/Page_JPetStore Demo/a_Sign In' is clicked on

19-05-2024T14:46:17 - [MESSAGE][PASSED] - Object: 'Object Repository/DataDriven/Page_JPetStore Demo/a_Sign In' is clicked on

19-05-2024T14:46:17 - [TEST_STEP][PASSED] - setText(findTestObject("Object Repository/DataDriven/Page_JPetStore Demo/input_Need a user name and password_username"), username): Text 'rosh2' is set on object 'Object Repository/DataDriven/Page_JPetStore Demo/input_Need a user name and password_username'

19-05-2024T14:46:18 - [MESSAGE][PASSED] - Text 'rosh2' is set on object 'Object Repository/DataDriven/Page_JPetStore Demo/input_Need a user name and password_username'

19-05-2024T14:46:18 - [TEST_STEP][PASSED] - setText(findTestObject("Object Repository/DataDriven/Page_JPetStore Demo/input_Need a user name and password_password"), password): Text 'rosh2' is set on object 'Object Repository/DataDriven/Page_JPetStore Demo/input_Need a user name and password_password'

19-05-2024T14:46:18 - [MESSAGE][PASSED] - Text 'rosh2' is set on object 'Object Repository/DataDriven/Page_JPetStore Demo/input_Need a user name and password_password'

19-05-2024T14:46:18 - [TEST_STEP][PASSED] - click(findTestObject("Object Repository/DataDriven/Page_JPetStore Demo/input_Need a user name and password_signon")): Object: 'Object Repository/DataDriven/Page_JPetStore Demo/input_Need a user name and password_signon' is clicked on

19-05-2024T14:46:19 - [MESSAGE][PASSED] - Object: 'Object Repository/DataDriven/Page_JPetStore Demo/input_Need a user name and password_signon' is clicked on

19-05-2024T14:46:19 - [TEST_STEP][PASSED] - click(findTestObject("Object Repository/DataDriven/Page_JPetStore Demo/a_Sign Out")): Object: 'Object Repository/DataDriven/Page_JPetStore Demo/a_Sign Out' is clicked on

19-05-2024T14:46:20 - [MESSAGE][PASSED] - Object: 'Object Repository/DataDriven/Page_JPetStore Demo/a_Sign Out' is clicked on

19-05-2024T14:46:20 - [TEST_STEP][PASSED] - click(findTestObject("Object Repository/DataDriven/Page_JPetStore Demo/a_Sign In_1")): Object: 'Object Repository/DataDriven/Page_JPetStore Demo/a_Sign In_1' is clicked on

19-05-2024T14:46:21 - [MESSAGE][PASSED] - Object: 'Object Repository/DataDriven/Page_JPetStore Demo/a_Sign In_1' is clicked on

19-05-2024T14:46:21 - [TEST_STEP][PASSED] - setText(findTestObject("Object Repository/DataDriven/Page_JPetStore Demo/input_Need a user name and password_username_1"), username): Text 'rosh2' is set on object 'Object Repository/DataDriven/Page_JPetStore Demo/input_Need a user name and password_username_1'

19-05-2024T14:46:21 - [MESSAGE][PASSED] - Text 'rosh2' is set on object 'Object Repository/DataDriven/Page_JPetStore Demo/input_Need a user name and password_username_1'

19-05-2024T14:46:21 - [TEST_STEP][PASSED] - setText(findTestObject("Object Repository/DataDriven/Page_JPetStore Demo/input_Need a user name and password_password"), password): Text 'rosh2' is set on object 'Object Repository/DataDriven/Page_JPetStore Demo/input_Need a user name and password_password'

19-05-2024T14:46:22 - [MESSAGE][PASSED] - Text 'rosh2' is set on object 'Object Repository/DataDriven/Page_JPetStore Demo/input_Need a user name and password_password'

19-05-2024T14:46:22 - [TEST_STEP][PASSED] - click(findTestObject("Object Repository/DataDriven/Page_JPetStore Demo/input_Need a user name and password_signon")): Object: 'Object Repository/DataDriven/Page_JPetStore Demo/input_Need a user name and password_signon' is clicked on

19-05-2024T14:46:23 - [MESSAGE][PASSED] - Object: 'Object Repository/DataDriven/Page_JPetStore Demo/input_Need a user name and password_signon' is clicked on

19-05-2024T14:46:23 - [TEST_STEP][PASSED] - closeBrowser(): Browser is closed

19-05-2024T14:46:23 - [MESSAGE][PASSED] - Browser is closed]]></system-out>
         <system-err><![CDATA[]]></system-err>
      </testcase>
      <system-out><![CDATA[19-05-2024T14:45:51 - [TEST_SUITE][PASSED] - DataDriven: Test Cases/DataDriven]]></system-out>
      <system-err><![CDATA[]]></system-err>
   </testsuite>
</testsuites>
