<?xml version="1.0" encoding="UTF-8"?>
<testsuites name="swanlab" time="14.143" tests="1" failures="0" errors="0">
   <testsuite name="swanlab" tests="1" failures="0" errors="0" time="14.143" skipped="0" timestamp="19-05-2024T14:45:49" hostname="XS986NH - XWB0RGVQ3.ey.net" id="Test Suites/swanlab">
      <properties>
         <property name="deviceName" value=""/>
         <property name="devicePlatform" value=""/>
         <property name="logFolder" value="C:\\Users\\XS986NH\\git\\KatlonRepository\\Reports\\20240519_144537\\swanlab\\20240519_144538"/>
         <property name="logFiles" value="C:\\Users\\XS986NH\\git\\KatlonRepository\\Reports\\20240519_144537\\swanlab\\20240519_144538\\execution0.log"/>
         <property name="attachments" value=""/>
         <property name="hostName" value="XS986NH - XWB0RGVQ3.ey.net"/>
         <property name="os" value="Windows 10 64bit"/>
         <property name="katalonVersion" value="9.4.0.212"/>
         <property name="browser" value="Edge Chromium 124"/>
         <property name="hostAddress" value="192.168.0.105"/>
         <property name="sessionId" value="5b12827ce3b3fc1fc3e20964b755b291"/>
         <property name="seleniumVersion" value="3.141.59"/>
         <property name="proxyInformation" value="ProxyInformation { proxyOption=NO_PROXY, proxyServerType=HTTP, username=, password=********, proxyServerAddress=, proxyServerPort=0, executionList=&quot;&quot;, isApplyToDesiredCapabilities=true }"/>
         <property name="platform" value="Windows 10"/>
      </properties>
      <testcase name="Test Cases/swanlab" time="13.86" classname="Test Cases/swanlab" status="PASSED">
         <system-out><![CDATA[19-05-2024T14:45:50 - [TEST_CASE][PASSED] - Test Cases/swanlab: Test Cases/swanlab

19-05-2024T14:45:50 - [TEST_STEP][PASSED] - openBrowser(""): Browser is opened with url: ''

19-05-2024T14:45:51 - [MESSAGE][INFO] - Starting 'Edge Chromium' driver

19-05-2024T14:45:53 - [MESSAGE][INFO] - Action delay is set to 0 milliseconds

19-05-2024T14:45:55 - [MESSAGE][PASSED] - Browser is opened with url: ''

19-05-2024T14:45:55 - [TEST_STEP][PASSED] - navigateToUrl("https://www.saucedemo.com/v1/"): Navigate to 'https://www.saucedemo.com/v1/' successfully

19-05-2024T14:45:57 - [MESSAGE][PASSED] - Navigate to 'https://www.saucedemo.com/v1/' successfully

19-05-2024T14:45:57 - [TEST_STEP][PASSED] - setText(findTestObject("Object Repository/swanlab/Page_Swag Labs/input_standard_userlocked_out_userproblem_u_db77ac"), "rosh"): Text 'rosh' is set on object 'Object Repository/swanlab/Page_Swag Labs/input_standard_userlocked_out_userproblem_u_db77ac'

19-05-2024T14:45:59 - [MESSAGE][PASSED] - Text 'rosh' is set on object 'Object Repository/swanlab/Page_Swag Labs/input_standard_userlocked_out_userproblem_u_db77ac'

19-05-2024T14:45:59 - [TEST_STEP][PASSED] - setEncryptedText(findTestObject("Object Repository/swanlab/Page_Swag Labs/input_standard_userlocked_out_userproblem_u_3423e9"), "zknBIuFGVdY="): Text ****** has been set on object 'Object Repository/swanlab/Page_Swag Labs/input_standard_userlocked_out_userproblem_u_3423e9'

19-05-2024T14:46:00 - [MESSAGE][PASSED] - Text ****** has been set on object 'Object Repository/swanlab/Page_Swag Labs/input_standard_userlocked_out_userproblem_u_3423e9'

19-05-2024T14:46:00 - [TEST_STEP][PASSED] - click(findTestObject("Object Repository/swanlab/Page_Swag Labs/input_standard_userlocked_out_userproblem_u_0dff71")): Object: 'Object Repository/swanlab/Page_Swag Labs/input_standard_userlocked_out_userproblem_u_0dff71' is clicked on

19-05-2024T14:46:01 - [MESSAGE][PASSED] - Object: 'Object Repository/swanlab/Page_Swag Labs/input_standard_userlocked_out_userproblem_u_0dff71' is clicked on

19-05-2024T14:46:01 - [TEST_STEP][PASSED] - click(findTestObject("Object Repository/swanlab/Page_Swag Labs/h3_Epic sadface Username and password do no_0e8909")): Object: 'Object Repository/swanlab/Page_Swag Labs/h3_Epic sadface Username and password do no_0e8909' is clicked on

19-05-2024T14:46:02 - [MESSAGE][PASSED] - Object: 'Object Repository/swanlab/Page_Swag Labs/h3_Epic sadface Username and password do no_0e8909' is clicked on

19-05-2024T14:46:02 - [TEST_STEP][PASSED] - verifyElementText(findTestObject("Object Repository/swanlab/Page_Swag Labs/h3_Epic sadface Username and password do no_0e8909"), "Epic sadface: Username and password do not match any user in this service"): Actual text and expected text of test object 'Object Repository/swanlab/Page_Swag Labs/h3_Epic sadface Username and password do no_0e8909' are matched.

19-05-2024T14:46:03 - [MESSAGE][PASSED] - Actual text and expected text of test object 'Object Repository/swanlab/Page_Swag Labs/h3_Epic sadface Username and password do no_0e8909' are matched.

19-05-2024T14:46:03 - [TEST_STEP][PASSED] - closeBrowser(): Browser is closed

19-05-2024T14:46:03 - [MESSAGE][PASSED] - Browser is closed]]></system-out>
         <system-err><![CDATA[]]></system-err>
      </testcase>
      <system-out><![CDATA[19-05-2024T14:45:49 - [TEST_SUITE][PASSED] - swanlab: Test Cases/swanlab]]></system-out>
      <system-err><![CDATA[]]></system-err>
   </testsuite>
</testsuites>
