<?xml version="1.0" encoding="UTF-8"?>
<testsuites name="TS_Chkpoint2" time="7.29" tests="1" failures="0" errors="0">
   <testsuite name="TS_Chkpoint2" tests="1" failures="0" errors="0" time="7.29" skipped="0" timestamp="26-05-2024T12:05:37" hostname="XS986NH - XWB0RGVQ3.ey.net" id="Test Suites/TS_Chkpoint2">
      <properties>
         <property name="deviceName" value=""/>
         <property name="devicePlatform" value=""/>
         <property name="logFolder" value="C:\\Users\\XS986NH\\git\\KatlonRepository\\Reports\\20240526_120533\\TS_Chkpoint2\\20240526_120533"/>
         <property name="logFiles" value="C:\\Users\\XS986NH\\git\\KatlonRepository\\Reports\\20240526_120533\\TS_Chkpoint2\\20240526_120533\\execution0.log"/>
         <property name="attachments" value="keyes\keyes-Homepage.png"/>
         <property name="hostName" value="XS986NH - XWB0RGVQ3.ey.net"/>
         <property name="os" value="Windows 10 64bit"/>
         <property name="katalonVersion" value="9.4.0.212"/>
         <property name="browser" value="Edge Chromium 125"/>
         <property name="hostAddress" value="192.168.0.103"/>
         <property name="sessionId" value="8aa30539f45ee70ede37683c874ad291"/>
         <property name="seleniumVersion" value="3.141.59"/>
         <property name="proxyInformation" value="ProxyInformation { proxyOption=NO_PROXY, proxyServerType=HTTP, username=, password=********, proxyServerAddress=, proxyServerPort=0, executionList=&quot;&quot;, isApplyToDesiredCapabilities=true }"/>
         <property name="platform" value="Windows 10"/>
      </properties>
      <testcase name="Test Cases/chkpoint2" time="7.124" classname="Test Cases/chkpoint2" status="PASSED">
         <system-out><![CDATA[26-05-2024T12:05:37 - [TEST_CASE][PASSED] - Test Cases/chkpoint2: Test Cases/chkpoint2

26-05-2024T12:05:37 - [TEST_STEP][PASSED] - openBrowser(""): Browser is opened with url: ''

26-05-2024T12:05:38 - [MESSAGE][INFO] - Starting 'Edge Chromium' driver

26-05-2024T12:05:38 - [MESSAGE][INFO] - Action delay is set to 0 milliseconds

26-05-2024T12:05:40 - [MESSAGE][PASSED] - Browser is opened with url: ''

26-05-2024T12:05:40 - [TEST_STEP][PASSED] - navigateToUrl("https://petstore.octoperf.com/"): Navigate to 'https://petstore.octoperf.com/' successfully

26-05-2024T12:05:41 - [MESSAGE][PASSED] - Navigate to 'https://petstore.octoperf.com/' successfully

26-05-2024T12:05:41 - [TEST_STEP][PASSED] - click(findTestObject("Object Repository/chkpoint/Page_JPetStore Demo/a_Enter the Store")): Object: 'Object Repository/chkpoint/Page_JPetStore Demo/a_Enter the Store' is clicked on

26-05-2024T12:05:43 - [MESSAGE][PASSED] - Object: 'Object Repository/chkpoint/Page_JPetStore Demo/a_Enter the Store' is clicked on

26-05-2024T12:05:43 - [TEST_STEP][PASSED] - takeScreenshotAsCheckpoint("Homepage"): Taking screenshot successfully

26-05-2024T12:05:44 - [MESSAGE][INFO] - 0 hidden object(s)

26-05-2024T12:05:44 - [MESSAGE][PASSED] - Taking screenshot successfully
[[ATTACHMENT|keyes\keyes-Homepage.png]]

26-05-2024T12:05:44 - [TEST_STEP][PASSED] - closeBrowser(): Browser is closed

26-05-2024T12:05:44 - [MESSAGE][PASSED] - Browser is closed]]></system-out>
         <system-err><![CDATA[]]></system-err>
      </testcase>
      <system-out><![CDATA[26-05-2024T12:05:37 - [TEST_SUITE][PASSED] - TS_Chkpoint2: Test Cases/chkpoint2]]></system-out>
      <system-err><![CDATA[]]></system-err>
   </testsuite>
</testsuites>
