<?xml version="1.0" encoding="UTF-8"?>
<testsuites name="loginpet" time="8.294" tests="1" failures="0" errors="0">
   <testsuite name="loginpet" tests="1" failures="0" errors="0" time="8.294" skipped="0" timestamp="19-05-2024T11:36:02" hostname="XS986NH - XWB0RGVQ3.ey.net" id="Test Suites/loginpet">
      <properties>
         <property name="deviceName" value=""/>
         <property name="devicePlatform" value=""/>
         <property name="logFolder" value="C:\\Users\\XS986NH\\git\\KatlonRepository\\Reports\\20240519_113559\\loginpet\\20240519_113559"/>
         <property name="logFiles" value="C:\\Users\\XS986NH\\git\\KatlonRepository\\Reports\\20240519_113559\\loginpet\\20240519_113559\\execution0.log"/>
         <property name="attachments" value=""/>
         <property name="hostName" value="XS986NH - XWB0RGVQ3.ey.net"/>
         <property name="os" value="Windows 10 64bit"/>
         <property name="katalonVersion" value="9.4.0.212"/>
         <property name="browser" value="Edge Chromium 124"/>
         <property name="hostAddress" value="192.168.0.105"/>
         <property name="sessionId" value="44d1c6c72345f483999848ebd06f78c3"/>
         <property name="seleniumVersion" value="3.141.59"/>
         <property name="proxyInformation" value="ProxyInformation { proxyOption=NO_PROXY, proxyServerType=HTTP, username=, password=********, proxyServerAddress=, proxyServerPort=0, executionList=&quot;&quot;, isApplyToDesiredCapabilities=true }"/>
         <property name="platform" value="Windows 10"/>
      </properties>
      <testcase name="Test Cases/loginpet" time="8.127" classname="Test Cases/loginpet" status="PASSED">
         <system-out><![CDATA[19-05-2024T11:36:03 - [TEST_CASE][PASSED] - Test Cases/loginpet: Test Cases/loginpet

19-05-2024T11:36:03 - [TEST_STEP][PASSED] - openBrowser(""): Browser is opened with url: ''

19-05-2024T11:36:03 - [MESSAGE][INFO] - Starting 'Edge Chromium' driver

19-05-2024T11:36:04 - [MESSAGE][INFO] - Action delay is set to 0 milliseconds

19-05-2024T11:36:06 - [MESSAGE][PASSED] - Browser is opened with url: ''

19-05-2024T11:36:06 - [TEST_STEP][PASSED] - navigateToUrl("https://petstore.octoperf.com/"): Navigate to 'https://petstore.octoperf.com/' successfully

19-05-2024T11:36:06 - [MESSAGE][PASSED] - Navigate to 'https://petstore.octoperf.com/' successfully

19-05-2024T11:36:06 - [TEST_STEP][PASSED] - maximizeWindow(): Current window maximized

19-05-2024T11:36:06 - [MESSAGE][PASSED] - Current window maximized

19-05-2024T11:36:06 - [TEST_STEP][PASSED] - click(findTestObject("Object Repository/loginpet/Page_JPetStore Demo/a_Enter the Store")): Object: 'Object Repository/loginpet/Page_JPetStore Demo/a_Enter the Store' is clicked on

19-05-2024T11:36:08 - [MESSAGE][PASSED] - Object: 'Object Repository/loginpet/Page_JPetStore Demo/a_Enter the Store' is clicked on

19-05-2024T11:36:08 - [TEST_STEP][PASSED] - click(findTestObject("Object Repository/loginpet/Page_JPetStore Demo/img")): Object: 'Object Repository/loginpet/Page_JPetStore Demo/img' is clicked on

19-05-2024T11:36:08 - [MESSAGE][PASSED] - Object: 'Object Repository/loginpet/Page_JPetStore Demo/img' is clicked on

19-05-2024T11:36:08 - [TEST_STEP][PASSED] - click(findTestObject("Object Repository/loginpet/Page_JPetStore Demo/a_RP-LI-02")): Object: 'Object Repository/loginpet/Page_JPetStore Demo/a_RP-LI-02' is clicked on

19-05-2024T11:36:09 - [MESSAGE][PASSED] - Object: 'Object Repository/loginpet/Page_JPetStore Demo/a_RP-LI-02' is clicked on

19-05-2024T11:36:09 - [TEST_STEP][PASSED] - click(findTestObject("Object Repository/loginpet/Page_JPetStore Demo/a_Add to Cart")): Object: 'Object Repository/loginpet/Page_JPetStore Demo/a_Add to Cart' is clicked on

19-05-2024T11:36:10 - [MESSAGE][PASSED] - Object: 'Object Repository/loginpet/Page_JPetStore Demo/a_Add to Cart' is clicked on

19-05-2024T11:36:10 - [TEST_STEP][PASSED] - click(findTestObject("Object Repository/loginpet/Page_JPetStore Demo/a_Proceed to Checkout")): Object: 'Object Repository/loginpet/Page_JPetStore Demo/a_Proceed to Checkout' is clicked on

19-05-2024T11:36:11 - [MESSAGE][PASSED] - Object: 'Object Repository/loginpet/Page_JPetStore Demo/a_Proceed to Checkout' is clicked on

19-05-2024T11:36:11 - [TEST_STEP][PASSED] - closeBrowser(): Browser is closed

19-05-2024T11:36:11 - [MESSAGE][PASSED] - Browser is closed]]></system-out>
         <system-err><![CDATA[]]></system-err>
      </testcase>
      <system-out><![CDATA[19-05-2024T11:36:02 - [TEST_SUITE][PASSED] - loginpet: Test Cases/loginpet]]></system-out>
      <system-err><![CDATA[]]></system-err>
   </testsuite>
</testsuites>
