<?xml version="1.0" encoding="UTF-8"?>
<testsuites name="navigateswag" time="16.754" tests="1" failures="0" errors="0">
   <testsuite name="navigateswag" tests="1" failures="0" errors="0" time="16.754" skipped="0" timestamp="19-05-2024T11:46:41" hostname="XS986NH - XWB0RGVQ3.ey.net" id="Test Suites/navigateswag">
      <properties>
         <property name="deviceName" value=""/>
         <property name="devicePlatform" value=""/>
         <property name="logFolder" value="C:\\Users\\XS986NH\\git\\KatlonRepository\\Reports\\20240519_114620\\navigateswag\\20240519_114620"/>
         <property name="logFiles" value="C:\\Users\\XS986NH\\git\\KatlonRepository\\Reports\\20240519_114620\\navigateswag\\20240519_114620\\execution0.log"/>
         <property name="attachments" value=""/>
         <property name="hostName" value="XS986NH - XWB0RGVQ3.ey.net"/>
         <property name="os" value="Windows 10 64bit"/>
         <property name="katalonVersion" value="9.4.0.212"/>
         <property name="browser" value="Edge Chromium 124"/>
         <property name="hostAddress" value="192.168.0.105"/>
         <property name="sessionId" value="8876e5cc11bab61d6fa281d54ff90d12"/>
         <property name="seleniumVersion" value="3.141.59"/>
         <property name="proxyInformation" value="ProxyInformation { proxyOption=NO_PROXY, proxyServerType=HTTP, username=, password=********, proxyServerAddress=, proxyServerPort=0, executionList=&quot;&quot;, isApplyToDesiredCapabilities=true }"/>
         <property name="platform" value="Windows 10"/>
      </properties>
      <testcase name="Test Cases/navigateswag" time="16.285" classname="Test Cases/navigateswag" status="PASSED">
         <system-out><![CDATA[19-05-2024T11:46:42 - [TEST_CASE][PASSED] - Test Cases/navigateswag: Test Cases/navigateswag

19-05-2024T11:46:43 - [TEST_STEP][PASSED] - openBrowser(""): Browser is opened with url: ''

19-05-2024T11:46:43 - [MESSAGE][INFO] - Starting 'Edge Chromium' driver

19-05-2024T11:46:44 - [MESSAGE][INFO] - Action delay is set to 0 milliseconds

19-05-2024T11:46:47 - [MESSAGE][PASSED] - Browser is opened with url: ''

19-05-2024T11:46:47 - [TEST_STEP][PASSED] - navigateToUrl(url): Navigate to 'https://www.saucedemo.com/v1/' successfully

19-05-2024T11:46:48 - [MESSAGE][PASSED] - Navigate to 'https://www.saucedemo.com/v1/' successfully

19-05-2024T11:46:48 - [TEST_STEP][PASSED] - setText(findTestObject("Object Repository/navigateswag/Page_Swag Labs/input_standard_userlocked_out_userproblem_u_db77ac"), username): Text 'standard_user' is set on object 'Object Repository/navigateswag/Page_Swag Labs/input_standard_userlocked_out_userproblem_u_db77ac'

19-05-2024T11:46:49 - [MESSAGE][PASSED] - Text 'standard_user' is set on object 'Object Repository/navigateswag/Page_Swag Labs/input_standard_userlocked_out_userproblem_u_db77ac'

19-05-2024T11:46:49 - [TEST_STEP][PASSED] - setText(findTestObject("Object Repository/navigateswag/Page_Swag Labs/input_standard_userlocked_out_userproblem_u_3423e9"), password): Text 'secret_sauce' is set on object 'Object Repository/navigateswag/Page_Swag Labs/input_standard_userlocked_out_userproblem_u_3423e9'

19-05-2024T11:46:50 - [MESSAGE][PASSED] - Text 'secret_sauce' is set on object 'Object Repository/navigateswag/Page_Swag Labs/input_standard_userlocked_out_userproblem_u_3423e9'

19-05-2024T11:46:50 - [TEST_STEP][PASSED] - click(findTestObject("Object Repository/navigateswag/Page_Swag Labs/input_standard_userlocked_out_userproblem_u_0dff71")): Object: 'Object Repository/navigateswag/Page_Swag Labs/input_standard_userlocked_out_userproblem_u_0dff71' is clicked on

19-05-2024T11:46:52 - [MESSAGE][PASSED] - Object: 'Object Repository/navigateswag/Page_Swag Labs/input_standard_userlocked_out_userproblem_u_0dff71' is clicked on

19-05-2024T11:46:52 - [TEST_STEP][PASSED] - click(findTestObject("Object Repository/navigateswag/Page_Swag Labs/button_ADD TO CART")): Object: 'Object Repository/navigateswag/Page_Swag Labs/button_ADD TO CART' is clicked on

19-05-2024T11:46:53 - [MESSAGE][PASSED] - Object: 'Object Repository/navigateswag/Page_Swag Labs/button_ADD TO CART' is clicked on

19-05-2024T11:46:53 - [TEST_STEP][PASSED] - click(findTestObject("Object Repository/navigateswag/Page_Swag Labs/path")): Object: 'Object Repository/navigateswag/Page_Swag Labs/path' is clicked on

19-05-2024T11:46:53 - [MESSAGE][WARNING] - [SELF-HEALING] Failed to find element with id 'Object Repository/navigateswag/Page_Swag Labs/path'. Try using Self-healing.

19-05-2024T11:46:55 - [MESSAGE][WARNING] - [SELF-HEALING] The current locator of test object 'Object Repository/navigateswag/Page_Swag Labs/path' was broken. Propose an alternative one: 'path'.

19-05-2024T11:46:55 - [MESSAGE][PASSED] - Object: 'Object Repository/navigateswag/Page_Swag Labs/path' is clicked on

19-05-2024T11:46:55 - [TEST_STEP][PASSED] - click(findTestObject("Object Repository/navigateswag/Page_Swag Labs/a_Continue Shopping")): Object: 'Object Repository/navigateswag/Page_Swag Labs/a_Continue Shopping' is clicked on

19-05-2024T11:46:55 - [MESSAGE][PASSED] - Object: 'Object Repository/navigateswag/Page_Swag Labs/a_Continue Shopping' is clicked on

19-05-2024T11:46:55 - [TEST_STEP][PASSED] - click(findTestObject("Object Repository/navigateswag/Page_Swag Labs/button_ADD TO CART")): Object: 'Object Repository/navigateswag/Page_Swag Labs/button_ADD TO CART' is clicked on

19-05-2024T11:46:56 - [MESSAGE][PASSED] - Object: 'Object Repository/navigateswag/Page_Swag Labs/button_ADD TO CART' is clicked on

19-05-2024T11:46:56 - [TEST_STEP][PASSED] - click(findTestObject("Object Repository/navigateswag/Page_Swag Labs/path")): Object: 'Object Repository/navigateswag/Page_Swag Labs/path' is clicked on

19-05-2024T11:46:56 - [MESSAGE][WARNING] - [SELF-HEALING] Failed to find element with id 'Object Repository/navigateswag/Page_Swag Labs/path'. Try using Self-healing.

19-05-2024T11:46:57 - [MESSAGE][WARNING] - [SELF-HEALING] The current locator of test object 'Object Repository/navigateswag/Page_Swag Labs/path' was broken. Propose an alternative one: 'path'.

19-05-2024T11:46:58 - [MESSAGE][PASSED] - Object: 'Object Repository/navigateswag/Page_Swag Labs/path' is clicked on

19-05-2024T11:46:58 - [TEST_STEP][PASSED] - closeBrowser(): Browser is closed

19-05-2024T11:46:58 - [MESSAGE][PASSED] - Browser is closed]]></system-out>
         <system-err><![CDATA[]]></system-err>
      </testcase>
      <system-out><![CDATA[19-05-2024T11:46:41 - [TEST_SUITE][PASSED] - navigateswag: Test Cases/navigateswag]]></system-out>
      <system-err><![CDATA[]]></system-err>
   </testsuite>
</testsuites>
