<?xml version="1.0" encoding="UTF-8"?>
<testsuites name="TS_chkpoint" time="7.281" tests="1" failures="0" errors="0">
   <testsuite name="TS_chkpoint" tests="1" failures="0" errors="0" time="7.281" skipped="0" timestamp="26-05-2024T12:03:59" hostname="XS986NH - XWB0RGVQ3.ey.net" id="Test Suites/TS_chkpoint">
      <properties>
         <property name="deviceName" value=""/>
         <property name="devicePlatform" value=""/>
         <property name="logFolder" value="C:\\Users\\XS986NH\\git\\KatlonRepository\\Reports\\20240526_120354\\TS_chkpoint\\20240526_120354"/>
         <property name="logFiles" value="C:\\Users\\XS986NH\\git\\KatlonRepository\\Reports\\20240526_120354\\TS_chkpoint\\20240526_120354\\execution0.log"/>
         <property name="attachments" value="keyes\keyes-Homepage.png"/>
         <property name="hostName" value="XS986NH - XWB0RGVQ3.ey.net"/>
         <property name="os" value="Windows 10 64bit"/>
         <property name="katalonVersion" value="9.4.0.212"/>
         <property name="browser" value="Edge Chromium 125"/>
         <property name="hostAddress" value="192.168.0.103"/>
         <property name="sessionId" value="a362ca7d8cd20cf997bd29df8974f0bd"/>
         <property name="seleniumVersion" value="3.141.59"/>
         <property name="proxyInformation" value="ProxyInformation { proxyOption=NO_PROXY, proxyServerType=HTTP, username=, password=********, proxyServerAddress=, proxyServerPort=0, executionList=&quot;&quot;, isApplyToDesiredCapabilities=true }"/>
         <property name="platform" value="Windows 10"/>
      </properties>
      <testcase name="Test Cases/chkpoint" time="7.051" classname="Test Cases/chkpoint" status="PASSED">
         <system-out><![CDATA[26-05-2024T12:03:59 - [TEST_CASE][PASSED] - Test Cases/chkpoint: Test Cases/chkpoint

26-05-2024T12:03:59 - [TEST_STEP][PASSED] - openBrowser(""): Browser is opened with url: ''

26-05-2024T12:03:59 - [MESSAGE][INFO] - Starting 'Edge Chromium' driver

26-05-2024T12:04:00 - [MESSAGE][INFO] - Action delay is set to 0 milliseconds

26-05-2024T12:04:02 - [MESSAGE][PASSED] - Browser is opened with url: ''

26-05-2024T12:04:02 - [TEST_STEP][PASSED] - navigateToUrl("https://petstore.octoperf.com/"): Navigate to 'https://petstore.octoperf.com/' successfully

26-05-2024T12:04:03 - [MESSAGE][PASSED] - Navigate to 'https://petstore.octoperf.com/' successfully

26-05-2024T12:04:03 - [TEST_STEP][PASSED] - click(findTestObject("Object Repository/chkpoint/Page_JPetStore Demo/a_Enter the Store")): Object: 'Object Repository/chkpoint/Page_JPetStore Demo/a_Enter the Store' is clicked on

26-05-2024T12:04:04 - [MESSAGE][PASSED] - Object: 'Object Repository/chkpoint/Page_JPetStore Demo/a_Enter the Store' is clicked on

26-05-2024T12:04:04 - [TEST_STEP][PASSED] - takeScreenshotAsCheckpoint("Homepage"): Taking screenshot successfully

26-05-2024T12:04:05 - [MESSAGE][INFO] - 0 hidden object(s)

26-05-2024T12:04:05 - [MESSAGE][PASSED] - Taking screenshot successfully
[[ATTACHMENT|keyes\keyes-Homepage.png]]

26-05-2024T12:04:05 - [TEST_STEP][PASSED] - closeBrowser(): Browser is closed

26-05-2024T12:04:06 - [MESSAGE][PASSED] - Browser is closed]]></system-out>
         <system-err><![CDATA[]]></system-err>
      </testcase>
      <system-out><![CDATA[26-05-2024T12:03:59 - [TEST_SUITE][PASSED] - TS_chkpoint: Test Cases/chkpoint]]></system-out>
      <system-err><![CDATA[]]></system-err>
   </testsuite>
</testsuites>
