<?xml version="1.0" encoding="UTF-8"?>
<testsuites name="swanlab1" time="34.353" tests="1" failures="0" errors="0">
   <testsuite name="swanlab1" tests="1" failures="0" errors="0" time="34.353" skipped="0" timestamp="19-05-2024T14:25:11" hostname="XS986NH - XWB0RGVQ3.ey.net" id="Test Suites/swanlab1">
      <properties>
         <property name="deviceName" value=""/>
         <property name="devicePlatform" value=""/>
         <property name="logFolder" value="C:\\Users\\XS986NH\\git\\KatlonRepository\\Reports\\20240519_142508\\swanlab1\\20240519_142508"/>
         <property name="logFiles" value="C:\\Users\\XS986NH\\git\\KatlonRepository\\Reports\\20240519_142508\\swanlab1\\20240519_142508\\execution0.log"/>
         <property name="attachments" value=""/>
         <property name="hostName" value="XS986NH - XWB0RGVQ3.ey.net"/>
         <property name="os" value="Windows 10 64bit"/>
         <property name="katalonVersion" value="9.4.0.212"/>
         <property name="browser" value="Edge Chromium 124"/>
         <property name="hostAddress" value="192.168.0.105"/>
         <property name="sessionId" value="61e02f2a527fb4e06a49cd4d93d232bf"/>
         <property name="seleniumVersion" value="3.141.59"/>
         <property name="proxyInformation" value="ProxyInformation { proxyOption=NO_PROXY, proxyServerType=HTTP, username=, password=********, proxyServerAddress=, proxyServerPort=0, executionList=&quot;&quot;, isApplyToDesiredCapabilities=true }"/>
         <property name="platform" value="Windows 10"/>
      </properties>
      <testcase name="Test Cases/swanlab1" time="34.191" classname="Test Cases/swanlab1" status="PASSED">
         <system-out><![CDATA[19-05-2024T14:25:12 - [TEST_CASE][PASSED] - Test Cases/swanlab1: Test Cases/swanlab1

19-05-2024T14:25:12 - [TEST_STEP][PASSED] - openBrowser(""): Browser is opened with url: ''

19-05-2024T14:25:12 - [MESSAGE][INFO] - Starting 'Edge Chromium' driver

19-05-2024T14:25:15 - [MESSAGE][INFO] - Action delay is set to 0 milliseconds

19-05-2024T14:25:16 - [MESSAGE][PASSED] - Browser is opened with url: ''

19-05-2024T14:25:16 - [TEST_STEP][PASSED] - navigateToUrl("https://www.saucedemo.com/v1/"): Navigate to 'https://www.saucedemo.com/v1/' successfully

19-05-2024T14:25:17 - [MESSAGE][PASSED] - Navigate to 'https://www.saucedemo.com/v1/' successfully

19-05-2024T14:25:17 - [TEST_STEP][PASSED] - setText(findTestObject("Object Repository/swanlab1/Page_Swag Labs/input_standard_userlocked_out_userproblem_u_db77ac"), "standard_user"): Text 'standard_user' is set on object 'Object Repository/swanlab1/Page_Swag Labs/input_standard_userlocked_out_userproblem_u_db77ac'

19-05-2024T14:25:18 - [MESSAGE][PASSED] - Text 'standard_user' is set on object 'Object Repository/swanlab1/Page_Swag Labs/input_standard_userlocked_out_userproblem_u_db77ac'

19-05-2024T14:25:18 - [TEST_STEP][PASSED] - setEncryptedText(findTestObject("Object Repository/swanlab1/Page_Swag Labs/input_standard_userlocked_out_userproblem_u_3423e9"), "qcu24s4901FyWDTwXGr6XA=="): Text ****** has been set on object 'Object Repository/swanlab1/Page_Swag Labs/input_standard_userlocked_out_userproblem_u_3423e9'

19-05-2024T14:25:19 - [MESSAGE][PASSED] - Text ****** has been set on object 'Object Repository/swanlab1/Page_Swag Labs/input_standard_userlocked_out_userproblem_u_3423e9'

19-05-2024T14:25:19 - [TEST_STEP][PASSED] - click(findTestObject("Object Repository/swanlab1/Page_Swag Labs/input_standard_userlocked_out_userproblem_u_0dff71")): Object: 'Object Repository/swanlab1/Page_Swag Labs/input_standard_userlocked_out_userproblem_u_0dff71' is clicked on

19-05-2024T14:25:20 - [MESSAGE][PASSED] - Object: 'Object Repository/swanlab1/Page_Swag Labs/input_standard_userlocked_out_userproblem_u_0dff71' is clicked on

19-05-2024T14:25:20 - [TEST_STEP][PASSED] - click(findTestObject("Object Repository/swanlab1/Page_Swag Labs/button_ADD TO CART")): Object: 'Object Repository/swanlab1/Page_Swag Labs/button_ADD TO CART' is clicked on

19-05-2024T14:25:20 - [MESSAGE][PASSED] - Object: 'Object Repository/swanlab1/Page_Swag Labs/button_ADD TO CART' is clicked on

19-05-2024T14:25:20 - [TEST_STEP][PASSED] - click(findTestObject("Object Repository/swanlab1/Page_Swag Labs/div_Open Menu_header_label")): Object: 'Object Repository/swanlab1/Page_Swag Labs/div_Open Menu_header_label' is clicked on

19-05-2024T14:25:21 - [MESSAGE][PASSED] - Object: 'Object Repository/swanlab1/Page_Swag Labs/div_Open Menu_header_label' is clicked on

19-05-2024T14:25:21 - [TEST_STEP][PASSED] - click(findTestObject("Object Repository/swanlab1/Page_Swag Labs/button_Open Menu")): Object: 'Object Repository/swanlab1/Page_Swag Labs/button_Open Menu' is clicked on

19-05-2024T14:25:21 - [MESSAGE][PASSED] - Object: 'Object Repository/swanlab1/Page_Swag Labs/button_Open Menu' is clicked on

19-05-2024T14:25:21 - [TEST_STEP][PASSED] - click(findTestObject("Object Repository/swanlab1/Page_Swag Labs/a_About")): Object: 'Object Repository/swanlab1/Page_Swag Labs/a_About' is clicked on

19-05-2024T14:25:45 - [MESSAGE][PASSED] - Object: 'Object Repository/swanlab1/Page_Swag Labs/a_About' is clicked on

19-05-2024T14:25:46 - [TEST_STEP][PASSED] - closeBrowser(): Browser is closed

19-05-2024T14:25:46 - [MESSAGE][PASSED] - Browser is closed]]></system-out>
         <system-err><![CDATA[]]></system-err>
      </testcase>
      <system-out><![CDATA[19-05-2024T14:25:11 - [TEST_SUITE][PASSED] - swanlab1: Test Cases/swanlab1]]></system-out>
      <system-err><![CDATA[]]></system-err>
   </testsuite>
</testsuites>
