<?xml version="1.0" encoding="UTF-8"?>
<testsuites name="collection5" time="21.769" tests="2" failures="0" errors="0">
   <testsuite name="navigateswag" tests="1" failures="0" errors="0" time="17.116" skipped="0" timestamp="19-05-2024T14:48:40" hostname="XS986NH - XWB0RGVQ3.ey.net" id="Test Suites/navigateswag">
      <properties>
         <property name="deviceName" value=""/>
         <property name="devicePlatform" value=""/>
         <property name="logFolder" value="C:\\Users\\XS986NH\\git\\KatlonRepository\\Reports\\20240519_144831\\navigateswag\\20240519_144832"/>
         <property name="logFiles" value="C:\\Users\\XS986NH\\git\\KatlonRepository\\Reports\\20240519_144831\\navigateswag\\20240519_144832\\execution0.log"/>
         <property name="attachments" value=""/>
         <property name="hostName" value="XS986NH - XWB0RGVQ3.ey.net"/>
         <property name="os" value="Windows 10 64bit"/>
         <property name="katalonVersion" value="9.4.0.212"/>
         <property name="browser" value="Edge Chromium 124"/>
         <property name="hostAddress" value="192.168.0.105"/>
         <property name="sessionId" value="d5cdfb26718e2cac5d732d5fe6eace86"/>
         <property name="seleniumVersion" value="3.141.59"/>
         <property name="proxyInformation" value="ProxyInformation { proxyOption=NO_PROXY, proxyServerType=HTTP, username=, password=********, proxyServerAddress=, proxyServerPort=0, executionList=&quot;&quot;, isApplyToDesiredCapabilities=true }"/>
         <property name="platform" value="Windows 10"/>
      </properties>
      <testcase name="Test Cases/navigateswag" time="16.872" classname="Test Cases/navigateswag" status="PASSED">
         <system-out><![CDATA[19-05-2024T14:48:40 - [TEST_CASE][PASSED] - Test Cases/navigateswag: Test Cases/navigateswag

19-05-2024T14:48:40 - [TEST_STEP][PASSED] - openBrowser(""): Browser is opened with url: ''

19-05-2024T14:48:41 - [MESSAGE][INFO] - Starting 'Edge Chromium' driver

19-05-2024T14:48:43 - [MESSAGE][INFO] - Action delay is set to 0 milliseconds

19-05-2024T14:48:45 - [MESSAGE][PASSED] - Browser is opened with url: ''

19-05-2024T14:48:45 - [TEST_STEP][PASSED] - navigateToUrl(url): Navigate to 'https://www.saucedemo.com/v1/' successfully

19-05-2024T14:48:46 - [MESSAGE][PASSED] - Navigate to 'https://www.saucedemo.com/v1/' successfully

19-05-2024T14:48:46 - [TEST_STEP][PASSED] - setText(findTestObject("Object Repository/navigateswag/Page_Swag Labs/input_standard_userlocked_out_userproblem_u_db77ac"), username): Text 'standard_user' is set on object 'Object Repository/navigateswag/Page_Swag Labs/input_standard_userlocked_out_userproblem_u_db77ac'

19-05-2024T14:48:48 - [MESSAGE][PASSED] - Text 'standard_user' is set on object 'Object Repository/navigateswag/Page_Swag Labs/input_standard_userlocked_out_userproblem_u_db77ac'

19-05-2024T14:48:48 - [TEST_STEP][PASSED] - setText(findTestObject("Object Repository/navigateswag/Page_Swag Labs/input_standard_userlocked_out_userproblem_u_3423e9"), password): Text 'secret_sauce' is set on object 'Object Repository/navigateswag/Page_Swag Labs/input_standard_userlocked_out_userproblem_u_3423e9'

19-05-2024T14:48:49 - [MESSAGE][PASSED] - Text 'secret_sauce' is set on object 'Object Repository/navigateswag/Page_Swag Labs/input_standard_userlocked_out_userproblem_u_3423e9'

19-05-2024T14:48:49 - [TEST_STEP][PASSED] - click(findTestObject("Object Repository/navigateswag/Page_Swag Labs/input_standard_userlocked_out_userproblem_u_0dff71")): Object: 'Object Repository/navigateswag/Page_Swag Labs/input_standard_userlocked_out_userproblem_u_0dff71' is clicked on

19-05-2024T14:48:51 - [MESSAGE][PASSED] - Object: 'Object Repository/navigateswag/Page_Swag Labs/input_standard_userlocked_out_userproblem_u_0dff71' is clicked on

19-05-2024T14:48:51 - [TEST_STEP][PASSED] - click(findTestObject("Object Repository/navigateswag/Page_Swag Labs/button_ADD TO CART")): Object: 'Object Repository/navigateswag/Page_Swag Labs/button_ADD TO CART' is clicked on

19-05-2024T14:48:51 - [MESSAGE][PASSED] - Object: 'Object Repository/navigateswag/Page_Swag Labs/button_ADD TO CART' is clicked on

19-05-2024T14:48:51 - [TEST_STEP][PASSED] - click(findTestObject("Object Repository/navigateswag/Page_Swag Labs/path")): Object: 'Object Repository/navigateswag/Page_Swag Labs/path' is clicked on

19-05-2024T14:48:52 - [MESSAGE][WARNING] - [SELF-HEALING] Failed to find element with id 'Object Repository/navigateswag/Page_Swag Labs/path'. Try using Self-healing.

19-05-2024T14:48:53 - [MESSAGE][WARNING] - [SELF-HEALING] The current locator of test object 'Object Repository/navigateswag/Page_Swag Labs/path' was broken. Propose an alternative one: 'path'.

19-05-2024T14:48:53 - [MESSAGE][PASSED] - Object: 'Object Repository/navigateswag/Page_Swag Labs/path' is clicked on

19-05-2024T14:48:53 - [TEST_STEP][PASSED] - click(findTestObject("Object Repository/navigateswag/Page_Swag Labs/a_Continue Shopping")): Object: 'Object Repository/navigateswag/Page_Swag Labs/a_Continue Shopping' is clicked on

19-05-2024T14:48:54 - [MESSAGE][PASSED] - Object: 'Object Repository/navigateswag/Page_Swag Labs/a_Continue Shopping' is clicked on

19-05-2024T14:48:54 - [TEST_STEP][PASSED] - click(findTestObject("Object Repository/navigateswag/Page_Swag Labs/button_ADD TO CART")): Object: 'Object Repository/navigateswag/Page_Swag Labs/button_ADD TO CART' is clicked on

19-05-2024T14:48:54 - [MESSAGE][PASSED] - Object: 'Object Repository/navigateswag/Page_Swag Labs/button_ADD TO CART' is clicked on

19-05-2024T14:48:54 - [TEST_STEP][PASSED] - click(findTestObject("Object Repository/navigateswag/Page_Swag Labs/path")): Object: 'Object Repository/navigateswag/Page_Swag Labs/path' is clicked on

19-05-2024T14:48:55 - [MESSAGE][WARNING] - [SELF-HEALING] Failed to find element with id 'Object Repository/navigateswag/Page_Swag Labs/path'. Try using Self-healing.

19-05-2024T14:48:56 - [MESSAGE][WARNING] - [SELF-HEALING] The current locator of test object 'Object Repository/navigateswag/Page_Swag Labs/path' was broken. Propose an alternative one: 'path'.

19-05-2024T14:48:57 - [MESSAGE][PASSED] - Object: 'Object Repository/navigateswag/Page_Swag Labs/path' is clicked on

19-05-2024T14:48:57 - [TEST_STEP][PASSED] - closeBrowser(): Browser is closed

19-05-2024T14:48:57 - [MESSAGE][PASSED] - Browser is closed]]></system-out>
         <system-err><![CDATA[]]></system-err>
      </testcase>
      <system-out><![CDATA[19-05-2024T14:48:40 - [TEST_SUITE][PASSED] - navigateswag: Test Cases/navigateswag]]></system-out>
      <system-err><![CDATA[]]></system-err>
   </testsuite>
   <testsuite name="PetNavigation" tests="1" failures="0" errors="0" time="14.109" skipped="0" timestamp="19-05-2024T14:48:40" hostname="XS986NH - XWB0RGVQ3.ey.net" id="Test Suites/PetNavigation">
      <properties>
         <property name="deviceName" value=""/>
         <property name="devicePlatform" value=""/>
         <property name="logFolder" value="C:\\Users\\XS986NH\\git\\KatlonRepository\\Reports\\20240519_144831\\PetNavigation\\20240519_144834"/>
         <property name="logFiles" value="C:\\Users\\XS986NH\\git\\KatlonRepository\\Reports\\20240519_144831\\PetNavigation\\20240519_144834\\execution0.log"/>
         <property name="attachments" value=""/>
         <property name="hostName" value="XS986NH - XWB0RGVQ3.ey.net"/>
         <property name="os" value="Windows 10 64bit"/>
         <property name="katalonVersion" value="9.4.0.212"/>
         <property name="browser" value="Edge Chromium 124"/>
         <property name="hostAddress" value="192.168.0.105"/>
         <property name="sessionId" value="647580beb0dab476108c482fd7150b46"/>
         <property name="seleniumVersion" value="3.141.59"/>
         <property name="proxyInformation" value="ProxyInformation { proxyOption=NO_PROXY, proxyServerType=HTTP, username=, password=********, proxyServerAddress=, proxyServerPort=0, executionList=&quot;&quot;, isApplyToDesiredCapabilities=true }"/>
         <property name="platform" value="Windows 10"/>
      </properties>
      <testcase name="Test Cases/PetNavigation" time="13.884" classname="Test Cases/PetNavigation" status="PASSED">
         <system-out><![CDATA[19-05-2024T14:48:40 - [TEST_CASE][PASSED] - Test Cases/PetNavigation: Test Cases/PetNavigation

19-05-2024T14:48:41 - [TEST_STEP][PASSED] - openBrowser(""): Browser is opened with url: ''

19-05-2024T14:48:41 - [MESSAGE][INFO] - Starting 'Edge Chromium' driver

19-05-2024T14:48:43 - [MESSAGE][INFO] - Action delay is set to 0 milliseconds

19-05-2024T14:48:46 - [MESSAGE][PASSED] - Browser is opened with url: ''

19-05-2024T14:48:46 - [TEST_STEP][PASSED] - navigateToUrl("https://petstore.octoperf.com/"): Navigate to 'https://petstore.octoperf.com/' successfully

19-05-2024T14:48:48 - [MESSAGE][PASSED] - Navigate to 'https://petstore.octoperf.com/' successfully

19-05-2024T14:48:48 - [TEST_STEP][PASSED] - click(findTestObject("Object Repository/PetNavigation/Page_JPetStore Demo/a_Enter the Store")): Object: 'Object Repository/PetNavigation/Page_JPetStore Demo/a_Enter the Store' is clicked on

19-05-2024T14:48:50 - [MESSAGE][PASSED] - Object: 'Object Repository/PetNavigation/Page_JPetStore Demo/a_Enter the Store' is clicked on

19-05-2024T14:48:50 - [TEST_STEP][PASSED] - setText(findTestObject("Object Repository/PetNavigation/Page_JPetStore Demo/input__keyword"), "fish"): Text 'fish' is set on object 'Object Repository/PetNavigation/Page_JPetStore Demo/input__keyword'

19-05-2024T14:48:51 - [MESSAGE][PASSED] - Text 'fish' is set on object 'Object Repository/PetNavigation/Page_JPetStore Demo/input__keyword'

19-05-2024T14:48:51 - [TEST_STEP][PASSED] - click(findTestObject("Object Repository/PetNavigation/Page_JPetStore Demo/input__searchProducts")): Object: 'Object Repository/PetNavigation/Page_JPetStore Demo/input__searchProducts' is clicked on

19-05-2024T14:48:51 - [MESSAGE][PASSED] - Object: 'Object Repository/PetNavigation/Page_JPetStore Demo/input__searchProducts' is clicked on

19-05-2024T14:48:51 - [TEST_STEP][PASSED] - click(findTestObject("Object Repository/PetNavigation/Page_JPetStore Demo/a_Fresh Water fish from China")): Object: 'Object Repository/PetNavigation/Page_JPetStore Demo/a_Fresh Water fish from China' is clicked on

19-05-2024T14:48:52 - [MESSAGE][PASSED] - Object: 'Object Repository/PetNavigation/Page_JPetStore Demo/a_Fresh Water fish from China' is clicked on

19-05-2024T14:48:52 - [TEST_STEP][PASSED] - click(findTestObject("Object Repository/PetNavigation/Page_JPetStore Demo/a_Add to Cart")): Object: 'Object Repository/PetNavigation/Page_JPetStore Demo/a_Add to Cart' is clicked on

19-05-2024T14:48:53 - [MESSAGE][PASSED] - Object: 'Object Repository/PetNavigation/Page_JPetStore Demo/a_Add to Cart' is clicked on

19-05-2024T14:48:53 - [TEST_STEP][PASSED] - click(findTestObject("Object Repository/PetNavigation/Page_JPetStore Demo/a_Remove")): Object: 'Object Repository/PetNavigation/Page_JPetStore Demo/a_Remove' is clicked on

19-05-2024T14:48:54 - [MESSAGE][PASSED] - Object: 'Object Repository/PetNavigation/Page_JPetStore Demo/a_Remove' is clicked on

19-05-2024T14:48:54 - [TEST_STEP][PASSED] - closeBrowser(): Browser is closed

19-05-2024T14:48:54 - [MESSAGE][PASSED] - Browser is closed]]></system-out>
         <system-err><![CDATA[]]></system-err>
      </testcase>
      <system-out><![CDATA[19-05-2024T14:48:40 - [TEST_SUITE][PASSED] - PetNavigation: Test Cases/PetNavigation]]></system-out>
      <system-err><![CDATA[]]></system-err>
   </testsuite>
</testsuites>
